This file contains any messages produced by compilers while
running configure, to aid debugging if configure makes a mistake.

It was created by SDL2_image configure 2.6.3, which was
generated by GNU Autoconf 2.69.  Invocation command line was

  $ ./configure CC=arm-linux-gnueabihf-gcc --host=arm-linux-gnueabihf --build=x86_64-linux-gnu --prefix=/root/workspace/build

## --------- ##
## Platform. ##
## --------- ##

hostname = ce6698212a92
uname -m = x86_64
uname -r = 5.15.133.1-microsoft-standard-WSL2
uname -s = Linux
uname -v = #1 SMP Thu Oct 5 21:02:42 UTC 2023

/usr/bin/uname -p = unknown
/bin/uname -X     = unknown

/bin/arch              = unknown
/usr/bin/arch -k       = unknown
/usr/convex/getsysinfo = unknown
/usr/bin/hostinfo      = unknown
/bin/machine           = unknown
/usr/bin/oslevel       = unknown
/bin/universe          = unknown

PATH: /opt/miyoomini-toolchain/usr/bin
PATH: /usr/local/sbin
PATH: /usr/local/bin
PATH: /usr/sbin
PATH: /usr/bin
PATH: /sbin
PATH: /bin
PATH: /opt/miyoomini-toolchain/usr/arm-linux-gnueabihf/sysroot/bin
PATH: /root/workspace/build/bin


## ----------- ##
## Core tests. ##
## ----------- ##

configure:2653: checking build system type
configure:2667: result: x86_64-pc-linux-gnu
configure:2687: checking host system type
configure:2700: result: arm-unknown-linux-gnueabihf
configure:2731: checking for arm-linux-gnueabihf-gcc
configure:2758: result: arm-linux-gnueabihf-gcc
configure:3027: checking for C compiler version
configure:3036: arm-linux-gnueabihf-gcc --version >&5
arm-linux-gnueabihf-gcc (GNU Toolchain for the A-profile Architecture 8.3-2019.03 (arm-rel-8.36)) 8.3.0
Copyright (C) 2018 Free Software Foundation, Inc.
This is free software; see the source for copying conditions.  There is NO
warranty; not even for MERCHANTABILITY or FITNESS FOR A PARTICULAR PURPOSE.

configure:3047: $? = 0
configure:3036: arm-linux-gnueabihf-gcc -v >&5
Using built-in specs.
COLLECT_GCC=arm-linux-gnueabihf-gcc
COLLECT_LTO_WRAPPER=/opt/miyoomini-toolchain/bin/../libexec/gcc/arm-linux-gnueabihf/8.3.0/lto-wrapper
Target: arm-linux-gnueabihf
Configured with: /tmp/dgboter/bbs/rhev-vm8--rhe6x86_64/buildbot/rhe6x86_64--arm-linux-gnueabihf/build/src/gcc/configure --target=arm-linux-gnueabihf --prefix= --with-sysroot=/arm-linux-gnueabihf/libc --with-build-sysroot=/tmp/dgboter/bbs/rhev-vm8--rhe6x86_64/buildbot/rhe6x86_64--arm-linux-gnueabihf/build/build-arm-linux-gnueabihf/install//arm-linux-gnueabihf/libc --with-bugurl=https://bugs.linaro.org/ --enable-gnu-indirect-function --enable-shared --disable-libssp --disable-libmudflap --enable-checking=release --enable-languages=c,c++,fortran --with-gmp=/tmp/dgboter/bbs/rhev-vm8--rhe6x86_64/buildbot/rhe6x86_64--arm-linux-gnueabihf/build/build-arm-linux-gnueabihf/host-tools --with-mpfr=/tmp/dgboter/bbs/rhev-vm8--rhe6x86_64/buildbot/rhe6x86_64--arm-linux-gnueabihf/build/build-arm-linux-gnueabihf/host-tools --with-mpc=/tmp/dgboter/bbs/rhev-vm8--rhe6x86_64/buildbot/rhe6x86_64--arm-linux-gnueabihf/build/build-arm-linux-gnueabihf/host-tools --with-isl=/tmp/dgboter/bbs/rhev-vm8--rhe6x86_64/buildbot/rhe6x86_64--arm-linux-gnueabihf/build/build-arm-linux-gnueabihf/host-tools --with-arch=armv7-a --with-fpu=neon --with-float=hard --with-arch=armv7-a --with-pkgversion='GNU Toolchain for the A-profile Architecture 8.3-2019.03 (arm-rel-8.36)'
Thread model: posix
gcc version 8.3.0 (GNU Toolchain for the A-profile Architecture 8.3-2019.03 (arm-rel-8.36)) 
configure:3047: $? = 0
configure:3036: arm-linux-gnueabihf-gcc -V >&5
arm-linux-gnueabihf-gcc: error: unrecognized command line option '-V'
arm-linux-gnueabihf-gcc: fatal error: no input files
compilation terminated.
configure:3047: $? = 1
configure:3036: arm-linux-gnueabihf-gcc -qversion >&5
arm-linux-gnueabihf-gcc: error: unrecognized command line option '-qversion'; did you mean '--version'?
arm-linux-gnueabihf-gcc: fatal error: no input files
compilation terminated.
configure:3047: $? = 1
configure:3067: checking whether the C compiler works
configure:3089: arm-linux-gnueabihf-gcc -Wno-undef -Os -marm -mtune=cortex-a7 -mfpu=neon-vfpv4 -march=armv7ve+simd -mfloat-abi=hard -ffunction-sections -fdata-sections -I/usr  -L/opt/miyoomini-toolchain/arm-linux-gnueabihf/libc/lib -L/usr/lib/arm-linux-gnueabihf/ conftest.c  >&5
configure:3093: $? = 0
configure:3141: result: yes
configure:3144: checking for C compiler default output file name
configure:3146: result: a.out
configure:3152: checking for suffix of executables
configure:3159: arm-linux-gnueabihf-gcc -o conftest -Wno-undef -Os -marm -mtune=cortex-a7 -mfpu=neon-vfpv4 -march=armv7ve+simd -mfloat-abi=hard -ffunction-sections -fdata-sections -I/usr  -L/opt/miyoomini-toolchain/arm-linux-gnueabihf/libc/lib -L/usr/lib/arm-linux-gnueabihf/ conftest.c  >&5
configure:3163: $? = 0
configure:3185: result: 
configure:3207: checking whether we are cross compiling
configure:3245: result: yes
configure:3250: checking for suffix of object files
configure:3272: arm-linux-gnueabihf-gcc -c -Wno-undef -Os -marm -mtune=cortex-a7 -mfpu=neon-vfpv4 -march=armv7ve+simd -mfloat-abi=hard -ffunction-sections -fdata-sections -I/usr  conftest.c >&5
configure:3276: $? = 0
configure:3297: result: o
configure:3301: checking whether we are using the GNU C compiler
configure:3320: arm-linux-gnueabihf-gcc -c -Wno-undef -Os -marm -mtune=cortex-a7 -mfpu=neon-vfpv4 -march=armv7ve+simd -mfloat-abi=hard -ffunction-sections -fdata-sections -I/usr  conftest.c >&5
configure:3320: $? = 0
configure:3329: result: yes
configure:3338: checking whether arm-linux-gnueabihf-gcc accepts -g
configure:3358: arm-linux-gnueabihf-gcc -c -g  conftest.c >&5
configure:3358: $? = 0
configure:3399: result: yes
configure:3416: checking for arm-linux-gnueabihf-gcc option to accept ISO C89
configure:3479: arm-linux-gnueabihf-gcc  -c -Wno-undef -Os -marm -mtune=cortex-a7 -mfpu=neon-vfpv4 -march=armv7ve+simd -mfloat-abi=hard -ffunction-sections -fdata-sections -I/usr  conftest.c >&5
configure:3479: $? = 0
configure:3492: result: none needed
configure:3517: checking whether arm-linux-gnueabihf-gcc understands -c and -o together
configure:3539: arm-linux-gnueabihf-gcc -c conftest.c -o conftest2.o
configure:3542: $? = 0
configure:3539: arm-linux-gnueabihf-gcc -c conftest.c -o conftest2.o
configure:3542: $? = 0
configure:3554: result: yes
configure:3571: checking for a sed that does not truncate output
configure:3635: result: /bin/sed
configure:3653: checking for grep that handles long lines and -e
configure:3711: result: /bin/grep
configure:3716: checking for egrep
configure:3778: result: /bin/grep -E
configure:3783: checking for fgrep
configure:3845: result: /bin/grep -F
configure:3880: checking for ld used by arm-linux-gnueabihf-gcc
configure:3947: result: arm-linux-gnueabihf-ld
configure:3954: checking if the linker (arm-linux-gnueabihf-ld) is GNU ld
configure:3969: result: yes
configure:3981: checking for BSD- or MS-compatible name lister (nm)
configure:4030: result: arm-linux-gnueabihf-nm
configure:4148: checking the name lister (arm-linux-gnueabihf-nm) interface
configure:4159: arm-linux-gnueabihf-gcc -c -Wno-undef -Os -marm -mtune=cortex-a7 -mfpu=neon-vfpv4 -march=armv7ve+simd -mfloat-abi=hard -ffunction-sections -fdata-sections -I/usr  conftest.c >&5
configure:4162: arm-linux-gnueabihf-nm "conftest.o"
configure:4165: output
00000000 B some_variable
configure:4162: result: BSD nm
configure:4165: checking whether ln -s works
configure:4169: result: yes
configure:4177: checking the maximum length of command line arguments
configure:4303: result: 1572864
configure:4320: checking whether the shell understands some XSI constructs
configure:4329: result: yes
configure:4333: checking whether the shell understands "+="
configure:4337: result: yes
configure:4372: checking for arm-linux-gnueabihf-ld option to reload object files
configure:4379: result: -r
configure:4408: checking for arm-linux-gnueabihf-objdump
configure:4424: found /opt/miyoomini-toolchain/usr/bin/arm-linux-gnueabihf-objdump
configure:4435: result: arm-linux-gnueabihf-objdump
configure:4504: checking how to recognize dependent libraries
configure:4705: result: pass_all
configure:4725: checking for arm-linux-gnueabihf-ar
configure:4752: result: arm-linux-gnueabihf-ar
configure:4830: checking for arm-linux-gnueabihf-strip
configure:4846: found /opt/miyoomini-toolchain/usr/bin/arm-linux-gnueabihf-strip
configure:4857: result: arm-linux-gnueabihf-strip
configure:4929: checking for arm-linux-gnueabihf-ranlib
configure:4956: result: arm-linux-gnueabihf-ranlib
configure:5086: checking command to parse arm-linux-gnueabihf-nm output from arm-linux-gnueabihf-gcc object
configure:5204: arm-linux-gnueabihf-gcc -c -Wno-undef -Os -marm -mtune=cortex-a7 -mfpu=neon-vfpv4 -march=armv7ve+simd -mfloat-abi=hard -ffunction-sections -fdata-sections -I/usr  conftest.c >&5
configure:5207: $? = 0
configure:5211: arm-linux-gnueabihf-nm conftest.o \| sed -n -e 's/^.*[	 ]\([ABCDGIRSTW][ABCDGIRSTW]*\)[	 ][	 ]*\([_A-Za-z][_A-Za-z0-9]*\)$/\1 \2 \2/p' \> conftest.nm
configure:5214: $? = 0
configure:5268: arm-linux-gnueabihf-gcc -o conftest -Wno-undef -Os -marm -mtune=cortex-a7 -mfpu=neon-vfpv4 -march=armv7ve+simd -mfloat-abi=hard -ffunction-sections -fdata-sections -I/usr  -L/opt/miyoomini-toolchain/arm-linux-gnueabihf/libc/lib -L/usr/lib/arm-linux-gnueabihf/ conftest.c conftstm.o >&5
configure:5271: $? = 0
configure:5309: result: ok
configure:6116: checking how to run the C preprocessor
configure:6147: arm-linux-gnueabihf-gcc -E  conftest.c
configure:6147: $? = 0
configure:6161: arm-linux-gnueabihf-gcc -E  conftest.c
conftest.c:9:10: fatal error: ac_nonexistent.h: No such file or directory
 #include <ac_nonexistent.h>
          ^~~~~~~~~~~~~~~~~~
compilation terminated.
configure:6161: $? = 1
configure: failed program was:
| /* confdefs.h */
| #define PACKAGE_NAME "SDL2_image"
| #define PACKAGE_TARNAME "SDL2_image"
| #define PACKAGE_VERSION "2.6.3"
| #define PACKAGE_STRING "SDL2_image 2.6.3"
| #define PACKAGE_BUGREPORT "https://github.com/libsdl-org/SDL_image/issues"
| #define PACKAGE_URL ""
| /* end confdefs.h.  */
| #include <ac_nonexistent.h>
configure:6186: result: arm-linux-gnueabihf-gcc -E
configure:6206: arm-linux-gnueabihf-gcc -E  conftest.c
configure:6206: $? = 0
configure:6220: arm-linux-gnueabihf-gcc -E  conftest.c
conftest.c:9:10: fatal error: ac_nonexistent.h: No such file or directory
 #include <ac_nonexistent.h>
          ^~~~~~~~~~~~~~~~~~
compilation terminated.
configure:6220: $? = 1
configure: failed program was:
| /* confdefs.h */
| #define PACKAGE_NAME "SDL2_image"
| #define PACKAGE_TARNAME "SDL2_image"
| #define PACKAGE_VERSION "2.6.3"
| #define PACKAGE_STRING "SDL2_image 2.6.3"
| #define PACKAGE_BUGREPORT "https://github.com/libsdl-org/SDL_image/issues"
| #define PACKAGE_URL ""
| /* end confdefs.h.  */
| #include <ac_nonexistent.h>
configure:6249: checking for ANSI C header files
configure:6269: arm-linux-gnueabihf-gcc -c -Wno-undef -Os -marm -mtune=cortex-a7 -mfpu=neon-vfpv4 -march=armv7ve+simd -mfloat-abi=hard -ffunction-sections -fdata-sections -I/usr  conftest.c >&5
configure:6269: $? = 0
configure:6353: result: yes
configure:6366: checking for sys/types.h
configure:6366: arm-linux-gnueabihf-gcc -c -Wno-undef -Os -marm -mtune=cortex-a7 -mfpu=neon-vfpv4 -march=armv7ve+simd -mfloat-abi=hard -ffunction-sections -fdata-sections -I/usr  conftest.c >&5
configure:6366: $? = 0
configure:6366: result: yes
configure:6366: checking for sys/stat.h
configure:6366: arm-linux-gnueabihf-gcc -c -Wno-undef -Os -marm -mtune=cortex-a7 -mfpu=neon-vfpv4 -march=armv7ve+simd -mfloat-abi=hard -ffunction-sections -fdata-sections -I/usr  conftest.c >&5
configure:6366: $? = 0
configure:6366: result: yes
configure:6366: checking for stdlib.h
configure:6366: arm-linux-gnueabihf-gcc -c -Wno-undef -Os -marm -mtune=cortex-a7 -mfpu=neon-vfpv4 -march=armv7ve+simd -mfloat-abi=hard -ffunction-sections -fdata-sections -I/usr  conftest.c >&5
configure:6366: $? = 0
configure:6366: result: yes
configure:6366: checking for string.h
configure:6366: arm-linux-gnueabihf-gcc -c -Wno-undef -Os -marm -mtune=cortex-a7 -mfpu=neon-vfpv4 -march=armv7ve+simd -mfloat-abi=hard -ffunction-sections -fdata-sections -I/usr  conftest.c >&5
configure:6366: $? = 0
configure:6366: result: yes
configure:6366: checking for memory.h
configure:6366: arm-linux-gnueabihf-gcc -c -Wno-undef -Os -marm -mtune=cortex-a7 -mfpu=neon-vfpv4 -march=armv7ve+simd -mfloat-abi=hard -ffunction-sections -fdata-sections -I/usr  conftest.c >&5
configure:6366: $? = 0
configure:6366: result: yes
configure:6366: checking for strings.h
configure:6366: arm-linux-gnueabihf-gcc -c -Wno-undef -Os -marm -mtune=cortex-a7 -mfpu=neon-vfpv4 -march=armv7ve+simd -mfloat-abi=hard -ffunction-sections -fdata-sections -I/usr  conftest.c >&5
configure:6366: $? = 0
configure:6366: result: yes
configure:6366: checking for inttypes.h
configure:6366: arm-linux-gnueabihf-gcc -c -Wno-undef -Os -marm -mtune=cortex-a7 -mfpu=neon-vfpv4 -march=armv7ve+simd -mfloat-abi=hard -ffunction-sections -fdata-sections -I/usr  conftest.c >&5
configure:6366: $? = 0
configure:6366: result: yes
configure:6366: checking for stdint.h
configure:6366: arm-linux-gnueabihf-gcc -c -Wno-undef -Os -marm -mtune=cortex-a7 -mfpu=neon-vfpv4 -march=armv7ve+simd -mfloat-abi=hard -ffunction-sections -fdata-sections -I/usr  conftest.c >&5
configure:6366: $? = 0
configure:6366: result: yes
configure:6366: checking for unistd.h
configure:6366: arm-linux-gnueabihf-gcc -c -Wno-undef -Os -marm -mtune=cortex-a7 -mfpu=neon-vfpv4 -march=armv7ve+simd -mfloat-abi=hard -ffunction-sections -fdata-sections -I/usr  conftest.c >&5
configure:6366: $? = 0
configure:6366: result: yes
configure:6380: checking for dlfcn.h
configure:6380: arm-linux-gnueabihf-gcc -c -Wno-undef -Os -marm -mtune=cortex-a7 -mfpu=neon-vfpv4 -march=armv7ve+simd -mfloat-abi=hard -ffunction-sections -fdata-sections -I/usr  conftest.c >&5
configure:6380: $? = 0
configure:6380: result: yes
configure:6862: checking for objdir
configure:6877: result: .libs
configure:7173: checking if arm-linux-gnueabihf-gcc supports -fno-rtti -fno-exceptions
configure:7204: arm-linux-gnueabihf-gcc -c -Wno-undef -Os -marm -mtune=cortex-a7 -mfpu=neon-vfpv4 -march=armv7ve+simd -mfloat-abi=hard -ffunction-sections -fdata-sections -I/usr  -fno-rtti -fno-exceptions conftest.c >&5
cc1: warning: command line option '-fno-rtti' is valid for C++/ObjC++ but not for C
configure:7208: $? = 0
configure:7208: result: no
configure:7228: checking for arm-linux-gnueabihf-gcc option to produce PIC
configure:7510: result: -fPIC -DPIC
configure:7522: checking if arm-linux-gnueabihf-gcc PIC flag -fPIC -DPIC works
configure:7553: arm-linux-gnueabihf-gcc -c -Wno-undef -Os -marm -mtune=cortex-a7 -mfpu=neon-vfpv4 -march=armv7ve+simd -mfloat-abi=hard -ffunction-sections -fdata-sections -I/usr  -fPIC -DPIC -DPIC conftest.c >&5
configure:7557: $? = 0
configure:7557: result: yes
configure:7581: checking if arm-linux-gnueabihf-gcc static flag -static works
configure:7609: result: yes
configure:7624: checking if arm-linux-gnueabihf-gcc supports -c -o file.o
configure:7658: arm-linux-gnueabihf-gcc -c -Wno-undef -Os -marm -mtune=cortex-a7 -mfpu=neon-vfpv4 -march=armv7ve+simd -mfloat-abi=hard -ffunction-sections -fdata-sections -I/usr  -o out/conftest2.o conftest.c >&5
configure:7662: $? = 0
configure:7671: result: yes
configure:7679: checking if arm-linux-gnueabihf-gcc supports -c -o file.o
configure:7726: result: yes
configure:7759: checking whether the arm-linux-gnueabihf-gcc linker (arm-linux-gnueabihf-ld) supports shared libraries
configure:8790: result: yes
configure:8827: checking whether -lc should be explicitly linked in
configure:8832: arm-linux-gnueabihf-gcc -c -Wno-undef -Os -marm -mtune=cortex-a7 -mfpu=neon-vfpv4 -march=armv7ve+simd -mfloat-abi=hard -ffunction-sections -fdata-sections -I/usr  conftest.c >&5
configure:8835: $? = 0
configure:8850: arm-linux-gnueabihf-gcc -shared conftest.o  -v -Wl,-soname -Wl,conftest -o conftest 2\>\&1 \| /bin/grep  -lc  \>/dev/null 2\>\&1
configure:8853: $? = 0
configure:8865: result: no
configure:9029: checking dynamic linker characteristics
configure:9460: arm-linux-gnueabihf-gcc -o conftest -Wno-undef -Os -marm -mtune=cortex-a7 -mfpu=neon-vfpv4 -march=armv7ve+simd -mfloat-abi=hard -ffunction-sections -fdata-sections -I/usr  -L/opt/miyoomini-toolchain/arm-linux-gnueabihf/libc/lib -L/usr/lib/arm-linux-gnueabihf/ -Wl,-rpath -Wl,/foo conftest.c  >&5
configure:9460: $? = 0
configure:9703: result: GNU/Linux ld.so
configure:9805: checking how to hardcode library paths into programs
configure:9830: result: immediate
configure:10350: checking whether stripping libraries is possible
configure:10355: result: yes
configure:10390: checking if libtool supports shared libraries
configure:10392: result: yes
configure:10395: checking whether to build shared libraries
configure:10416: result: yes
configure:10419: checking whether to build static libraries
configure:10423: result: yes
configure:7730: checking for a BSD-compatible install
configure:7798: result: /usr/bin/install -c
configure:7809: checking whether build environment is sane
configure:7864: result: yes
configure:7918: checking for arm-linux-gnueabihf-strip
configure:7945: result: arm-linux-gnueabihf-strip
configure:8010: checking for a thread-safe mkdir -p
configure:8049: result: /bin/mkdir -p
configure:8056: checking for gawk
configure:8086: result: no
configure:8056: checking for mawk
configure:8072: found /usr/bin/mawk
configure:8083: result: mawk
configure:8094: checking whether make sets $(MAKE)
configure:8116: result: yes
configure:8138: checking whether make supports the include directive
configure:8153: make -f confmf.GNU && cat confinc.out
this is the am__doit target
configure:8156: $? = 0
configure:8175: result: yes (GNU style)
configure:8208: checking whether make supports nested variables
configure:8225: result: yes
configure:8314: checking whether UID '0' is supported by ustar format
configure:8320: result: yes
configure:8327: checking whether GID '0' is supported by ustar format
configure:8333: result: yes
configure:8341: checking how to create a ustar tar archive
configure:8352: tar --version
tar (GNU tar) 1.30
Copyright (C) 2017 Free Software Foundation, Inc.
License GPLv3+: GNU GPL version 3 or later <https://gnu.org/licenses/gpl.html>.
This is free software: you are free to change and redistribute it.
There is NO WARRANTY, to the extent permitted by law.

Written by John Gilmore and Jay Fenlason.
configure:8355: $? = 0
configure:8395: tardir=conftest.dir && eval tar --format=ustar -cf - "$tardir" >conftest.tar
configure:8398: $? = 0
configure:8402: tar -xf - <conftest.tar
configure:8405: $? = 0
configure:8407: cat conftest.dir/file
GrepMe
configure:8410: $? = 0
configure:8423: result: gnutar
configure:8432: checking dependency style of arm-linux-gnueabihf-gcc
configure:8543: result: gcc3
configure:8610: checking for arm-linux-gnueabihf-gcc
configure:8637: result: arm-linux-gnueabihf-gcc
configure:8906: checking for C compiler version
configure:8915: arm-linux-gnueabihf-gcc --version >&5
arm-linux-gnueabihf-gcc (GNU Toolchain for the A-profile Architecture 8.3-2019.03 (arm-rel-8.36)) 8.3.0
Copyright (C) 2018 Free Software Foundation, Inc.
This is free software; see the source for copying conditions.  There is NO
warranty; not even for MERCHANTABILITY or FITNESS FOR A PARTICULAR PURPOSE.

configure:8926: $? = 0
configure:8915: arm-linux-gnueabihf-gcc -v >&5
Using built-in specs.
COLLECT_GCC=arm-linux-gnueabihf-gcc
COLLECT_LTO_WRAPPER=/opt/miyoomini-toolchain/bin/../libexec/gcc/arm-linux-gnueabihf/8.3.0/lto-wrapper
Target: arm-linux-gnueabihf
Configured with: /tmp/dgboter/bbs/rhev-vm8--rhe6x86_64/buildbot/rhe6x86_64--arm-linux-gnueabihf/build/src/gcc/configure --target=arm-linux-gnueabihf --prefix= --with-sysroot=/arm-linux-gnueabihf/libc --with-build-sysroot=/tmp/dgboter/bbs/rhev-vm8--rhe6x86_64/buildbot/rhe6x86_64--arm-linux-gnueabihf/build/build-arm-linux-gnueabihf/install//arm-linux-gnueabihf/libc --with-bugurl=https://bugs.linaro.org/ --enable-gnu-indirect-function --enable-shared --disable-libssp --disable-libmudflap --enable-checking=release --enable-languages=c,c++,fortran --with-gmp=/tmp/dgboter/bbs/rhev-vm8--rhe6x86_64/buildbot/rhe6x86_64--arm-linux-gnueabihf/build/build-arm-linux-gnueabihf/host-tools --with-mpfr=/tmp/dgboter/bbs/rhev-vm8--rhe6x86_64/buildbot/rhe6x86_64--arm-linux-gnueabihf/build/build-arm-linux-gnueabihf/host-tools --with-mpc=/tmp/dgboter/bbs/rhev-vm8--rhe6x86_64/buildbot/rhe6x86_64--arm-linux-gnueabihf/build/build-arm-linux-gnueabihf/host-tools --with-isl=/tmp/dgboter/bbs/rhev-vm8--rhe6x86_64/buildbot/rhe6x86_64--arm-linux-gnueabihf/build/build-arm-linux-gnueabihf/host-tools --with-arch=armv7-a --with-fpu=neon --with-float=hard --with-arch=armv7-a --with-pkgversion='GNU Toolchain for the A-profile Architecture 8.3-2019.03 (arm-rel-8.36)'
Thread model: posix
gcc version 8.3.0 (GNU Toolchain for the A-profile Architecture 8.3-2019.03 (arm-rel-8.36)) 
configure:8926: $? = 0
configure:8915: arm-linux-gnueabihf-gcc -V >&5
arm-linux-gnueabihf-gcc: error: unrecognized command line option '-V'
arm-linux-gnueabihf-gcc: fatal error: no input files
compilation terminated.
configure:8926: $? = 1
configure:8915: arm-linux-gnueabihf-gcc -qversion >&5
arm-linux-gnueabihf-gcc: error: unrecognized command line option '-qversion'; did you mean '--version'?
arm-linux-gnueabihf-gcc: fatal error: no input files
compilation terminated.
configure:8926: $? = 1
configure:8930: checking whether we are using the GNU C compiler
configure:8958: result: yes
configure:8967: checking whether arm-linux-gnueabihf-gcc accepts -g
configure:9028: result: yes
configure:9045: checking for arm-linux-gnueabihf-gcc option to accept ISO C89
configure:9121: result: none needed
configure:9146: checking whether arm-linux-gnueabihf-gcc understands -c and -o together
configure:9183: result: yes
configure:9210: checking for arm-linux-gnueabihf-gcc
configure:9226: found /opt/miyoomini-toolchain/usr/bin/arm-linux-gnueabihf-gcc
configure:9237: result: arm-linux-gnueabihf-gcc
configure:9306: checking for Objective C compiler version
configure:9315: arm-linux-gnueabihf-gcc --version >&5
arm-linux-gnueabihf-gcc (GNU Toolchain for the A-profile Architecture 8.3-2019.03 (arm-rel-8.36)) 8.3.0
Copyright (C) 2018 Free Software Foundation, Inc.
This is free software; see the source for copying conditions.  There is NO
warranty; not even for MERCHANTABILITY or FITNESS FOR A PARTICULAR PURPOSE.

configure:9326: $? = 0
configure:9315: arm-linux-gnueabihf-gcc -v >&5
Using built-in specs.
COLLECT_GCC=arm-linux-gnueabihf-gcc
COLLECT_LTO_WRAPPER=/opt/miyoomini-toolchain/bin/../libexec/gcc/arm-linux-gnueabihf/8.3.0/lto-wrapper
Target: arm-linux-gnueabihf
Configured with: /tmp/dgboter/bbs/rhev-vm8--rhe6x86_64/buildbot/rhe6x86_64--arm-linux-gnueabihf/build/src/gcc/configure --target=arm-linux-gnueabihf --prefix= --with-sysroot=/arm-linux-gnueabihf/libc --with-build-sysroot=/tmp/dgboter/bbs/rhev-vm8--rhe6x86_64/buildbot/rhe6x86_64--arm-linux-gnueabihf/build/build-arm-linux-gnueabihf/install//arm-linux-gnueabihf/libc --with-bugurl=https://bugs.linaro.org/ --enable-gnu-indirect-function --enable-shared --disable-libssp --disable-libmudflap --enable-checking=release --enable-languages=c,c++,fortran --with-gmp=/tmp/dgboter/bbs/rhev-vm8--rhe6x86_64/buildbot/rhe6x86_64--arm-linux-gnueabihf/build/build-arm-linux-gnueabihf/host-tools --with-mpfr=/tmp/dgboter/bbs/rhev-vm8--rhe6x86_64/buildbot/rhe6x86_64--arm-linux-gnueabihf/build/build-arm-linux-gnueabihf/host-tools --with-mpc=/tmp/dgboter/bbs/rhev-vm8--rhe6x86_64/buildbot/rhe6x86_64--arm-linux-gnueabihf/build/build-arm-linux-gnueabihf/host-tools --with-isl=/tmp/dgboter/bbs/rhev-vm8--rhe6x86_64/buildbot/rhe6x86_64--arm-linux-gnueabihf/build/build-arm-linux-gnueabihf/host-tools --with-arch=armv7-a --with-fpu=neon --with-float=hard --with-arch=armv7-a --with-pkgversion='GNU Toolchain for the A-profile Architecture 8.3-2019.03 (arm-rel-8.36)'
Thread model: posix
gcc version 8.3.0 (GNU Toolchain for the A-profile Architecture 8.3-2019.03 (arm-rel-8.36)) 
configure:9326: $? = 0
configure:9315: arm-linux-gnueabihf-gcc -V >&5
arm-linux-gnueabihf-gcc: error: unrecognized command line option '-V'
arm-linux-gnueabihf-gcc: fatal error: no input files
compilation terminated.
configure:9326: $? = 1
configure:9315: arm-linux-gnueabihf-gcc -qversion >&5
arm-linux-gnueabihf-gcc: error: unrecognized command line option '-qversion'; did you mean '--version'?
arm-linux-gnueabihf-gcc: fatal error: no input files
compilation terminated.
configure:9326: $? = 1
configure:9330: checking whether we are using the GNU Objective C compiler
configure:9349: arm-linux-gnueabihf-gcc -c   conftest.m >&5
arm-linux-gnueabihf-gcc: error: conftest.m: Objective-C compiler not installed on this system
configure:9349: $? = 1
configure: failed program was:
| /* confdefs.h */
| #define PACKAGE_NAME "SDL2_image"
| #define PACKAGE_TARNAME "SDL2_image"
| #define PACKAGE_VERSION "2.6.3"
| #define PACKAGE_STRING "SDL2_image 2.6.3"
| #define PACKAGE_BUGREPORT "https://github.com/libsdl-org/SDL_image/issues"
| #define PACKAGE_URL ""
| #define STDC_HEADERS 1
| #define HAVE_SYS_TYPES_H 1
| #define HAVE_SYS_STAT_H 1
| #define HAVE_STDLIB_H 1
| #define HAVE_STRING_H 1
| #define HAVE_MEMORY_H 1
| #define HAVE_STRINGS_H 1
| #define HAVE_INTTYPES_H 1
| #define HAVE_STDINT_H 1
| #define HAVE_UNISTD_H 1
| #define HAVE_DLFCN_H 1
| #define LT_OBJDIR ".libs/"
| #define SDL_BUILD_MAJOR_VERSION 2
| #define SDL_BUILD_MINOR_VERSION 6
| #define SDL_BUILD_MICRO_VERSION 3
| #define PACKAGE "SDL2_image"
| #define VERSION "2.6.3"
| /* end confdefs.h.  */
| 
| int
| main ()
| {
| #ifndef __GNUC__
|        choke me
| #endif
| 
|   ;
|   return 0;
| }
configure:9358: result: no
configure:9367: checking whether arm-linux-gnueabihf-gcc accepts -g
configure:9387: arm-linux-gnueabihf-gcc -c -g  conftest.m >&5
arm-linux-gnueabihf-gcc: error: conftest.m: Objective-C compiler not installed on this system
configure:9387: $? = 1
configure: failed program was:
| /* confdefs.h */
| #define PACKAGE_NAME "SDL2_image"
| #define PACKAGE_TARNAME "SDL2_image"
| #define PACKAGE_VERSION "2.6.3"
| #define PACKAGE_STRING "SDL2_image 2.6.3"
| #define PACKAGE_BUGREPORT "https://github.com/libsdl-org/SDL_image/issues"
| #define PACKAGE_URL ""
| #define STDC_HEADERS 1
| #define HAVE_SYS_TYPES_H 1
| #define HAVE_SYS_STAT_H 1
| #define HAVE_STDLIB_H 1
| #define HAVE_STRING_H 1
| #define HAVE_MEMORY_H 1
| #define HAVE_STRINGS_H 1
| #define HAVE_INTTYPES_H 1
| #define HAVE_STDINT_H 1
| #define HAVE_UNISTD_H 1
| #define HAVE_DLFCN_H 1
| #define LT_OBJDIR ".libs/"
| #define SDL_BUILD_MAJOR_VERSION 2
| #define SDL_BUILD_MINOR_VERSION 6
| #define SDL_BUILD_MICRO_VERSION 3
| #define PACKAGE "SDL2_image"
| #define VERSION "2.6.3"
| /* end confdefs.h.  */
| 
| int
| main ()
| {
| 
|   ;
|   return 0;
| }
configure:9402: arm-linux-gnueabihf-gcc -c   conftest.m >&5
arm-linux-gnueabihf-gcc: error: conftest.m: Objective-C compiler not installed on this system
configure:9402: $? = 1
configure: failed program was:
| /* confdefs.h */
| #define PACKAGE_NAME "SDL2_image"
| #define PACKAGE_TARNAME "SDL2_image"
| #define PACKAGE_VERSION "2.6.3"
| #define PACKAGE_STRING "SDL2_image 2.6.3"
| #define PACKAGE_BUGREPORT "https://github.com/libsdl-org/SDL_image/issues"
| #define PACKAGE_URL ""
| #define STDC_HEADERS 1
| #define HAVE_SYS_TYPES_H 1
| #define HAVE_SYS_STAT_H 1
| #define HAVE_STDLIB_H 1
| #define HAVE_STRING_H 1
| #define HAVE_MEMORY_H 1
| #define HAVE_STRINGS_H 1
| #define HAVE_INTTYPES_H 1
| #define HAVE_STDINT_H 1
| #define HAVE_UNISTD_H 1
| #define HAVE_DLFCN_H 1
| #define LT_OBJDIR ".libs/"
| #define SDL_BUILD_MAJOR_VERSION 2
| #define SDL_BUILD_MINOR_VERSION 6
| #define SDL_BUILD_MICRO_VERSION 3
| #define PACKAGE "SDL2_image"
| #define VERSION "2.6.3"
| /* end confdefs.h.  */
| 
| int
| main ()
| {
| 
|   ;
|   return 0;
| }
configure:9418: arm-linux-gnueabihf-gcc -c -g  conftest.m >&5
arm-linux-gnueabihf-gcc: error: conftest.m: Objective-C compiler not installed on this system
configure:9418: $? = 1
configure: failed program was:
| /* confdefs.h */
| #define PACKAGE_NAME "SDL2_image"
| #define PACKAGE_TARNAME "SDL2_image"
| #define PACKAGE_VERSION "2.6.3"
| #define PACKAGE_STRING "SDL2_image 2.6.3"
| #define PACKAGE_BUGREPORT "https://github.com/libsdl-org/SDL_image/issues"
| #define PACKAGE_URL ""
| #define STDC_HEADERS 1
| #define HAVE_SYS_TYPES_H 1
| #define HAVE_SYS_STAT_H 1
| #define HAVE_STDLIB_H 1
| #define HAVE_STRING_H 1
| #define HAVE_MEMORY_H 1
| #define HAVE_STRINGS_H 1
| #define HAVE_INTTYPES_H 1
| #define HAVE_STDINT_H 1
| #define HAVE_UNISTD_H 1
| #define HAVE_DLFCN_H 1
| #define LT_OBJDIR ".libs/"
| #define SDL_BUILD_MAJOR_VERSION 2
| #define SDL_BUILD_MINOR_VERSION 6
| #define SDL_BUILD_MICRO_VERSION 3
| #define PACKAGE "SDL2_image"
| #define VERSION "2.6.3"
| /* end confdefs.h.  */
| 
| int
| main ()
| {
| 
|   ;
|   return 0;
| }
configure:9428: result: no
configure:9453: checking dependency style of arm-linux-gnueabihf-gcc
configure:9562: result: gcc3
configure:9580: checking for arm-linux-gnueabihf-windres
configure:9610: result: no
configure:9620: checking for windres
configure:9650: result: no
configure:9670: checking whether make sets $(MAKE)
configure:9692: result: yes
configure:9712: checking for arm-linux-gnueabihf-pkg-config
configure:9745: result: no
configure:9755: checking for pkg-config
configure:9773: found /usr/bin/pkg-config
configure:9785: result: /usr/bin/pkg-config
configure:9797: WARNING: using cross tools not prefixed with host triplet
configure:9810: checking pkg-config is at least version 0.9.0
configure:9813: result: yes
configure:10274: checking for sdl2 >= 2.0.9
configure:10281: $PKG_CONFIG --exists --print-errors "sdl2 >= $min_sdl_version"
configure:10284: $? = 0
configure:10298: $PKG_CONFIG --exists --print-errors "sdl2 >= $min_sdl_version"
configure:10301: $? = 0
configure:10339: result: yes
configure:10584: checking for libavif
configure:10591: $PKG_CONFIG --exists --print-errors "libavif"
Package libavif was not found in the pkg-config search path.
Perhaps you should add the directory containing `libavif.pc'
to the PKG_CONFIG_PATH environment variable
No package 'libavif' found
configure:10594: $? = 1
configure:10608: $PKG_CONFIG --exists --print-errors "libavif"
Package libavif was not found in the pkg-config search path.
Perhaps you should add the directory containing `libavif.pc'
to the PKG_CONFIG_PATH environment variable
No package 'libavif' found
configure:10611: $? = 1
configure:10625: result: no
No package 'libavif' found
configure:10641: checking avif/avif.h usability
configure:10641: arm-linux-gnueabihf-gcc -c -Wno-undef -Os -marm -mtune=cortex-a7 -mfpu=neon-vfpv4 -march=armv7ve+simd -mfloat-abi=hard -ffunction-sections -fdata-sections -I/usr -D_REENTRANT -I/root/workspace/build/include -I/root/workspace/build/include/SDL2  conftest.c >&5
conftest.c:60:10: fatal error: avif/avif.h: No such file or directory
 #include <avif/avif.h>
          ^~~~~~~~~~~~~
compilation terminated.
configure:10641: $? = 1
configure: failed program was:
| /* confdefs.h */
| #define PACKAGE_NAME "SDL2_image"
| #define PACKAGE_TARNAME "SDL2_image"
| #define PACKAGE_VERSION "2.6.3"
| #define PACKAGE_STRING "SDL2_image 2.6.3"
| #define PACKAGE_BUGREPORT "https://github.com/libsdl-org/SDL_image/issues"
| #define PACKAGE_URL ""
| #define STDC_HEADERS 1
| #define HAVE_SYS_TYPES_H 1
| #define HAVE_SYS_STAT_H 1
| #define HAVE_STDLIB_H 1
| #define HAVE_STRING_H 1
| #define HAVE_MEMORY_H 1
| #define HAVE_STRINGS_H 1
| #define HAVE_INTTYPES_H 1
| #define HAVE_STDINT_H 1
| #define HAVE_UNISTD_H 1
| #define HAVE_DLFCN_H 1
| #define LT_OBJDIR ".libs/"
| #define SDL_BUILD_MAJOR_VERSION 2
| #define SDL_BUILD_MINOR_VERSION 6
| #define SDL_BUILD_MICRO_VERSION 3
| #define PACKAGE "SDL2_image"
| #define VERSION "2.6.3"
| #define USE_STBIMAGE 1
| /* end confdefs.h.  */
| #include <stdio.h>
| #ifdef HAVE_SYS_TYPES_H
| # include <sys/types.h>
| #endif
| #ifdef HAVE_SYS_STAT_H
| # include <sys/stat.h>
| #endif
| #ifdef STDC_HEADERS
| # include <stdlib.h>
| # include <stddef.h>
| #else
| # ifdef HAVE_STDLIB_H
| #  include <stdlib.h>
| # endif
| #endif
| #ifdef HAVE_STRING_H
| # if !defined STDC_HEADERS && defined HAVE_MEMORY_H
| #  include <memory.h>
| # endif
| # include <string.h>
| #endif
| #ifdef HAVE_STRINGS_H
| # include <strings.h>
| #endif
| #ifdef HAVE_INTTYPES_H
| # include <inttypes.h>
| #endif
| #ifdef HAVE_STDINT_H
| # include <stdint.h>
| #endif
| #ifdef HAVE_UNISTD_H
| # include <unistd.h>
| #endif
| #include <avif/avif.h>
configure:10641: result: no
configure:10641: checking avif/avif.h presence
configure:10641: arm-linux-gnueabihf-gcc -E  conftest.c
conftest.c:27:10: fatal error: avif/avif.h: No such file or directory
 #include <avif/avif.h>
          ^~~~~~~~~~~~~
compilation terminated.
configure:10641: $? = 1
configure: failed program was:
| /* confdefs.h */
| #define PACKAGE_NAME "SDL2_image"
| #define PACKAGE_TARNAME "SDL2_image"
| #define PACKAGE_VERSION "2.6.3"
| #define PACKAGE_STRING "SDL2_image 2.6.3"
| #define PACKAGE_BUGREPORT "https://github.com/libsdl-org/SDL_image/issues"
| #define PACKAGE_URL ""
| #define STDC_HEADERS 1
| #define HAVE_SYS_TYPES_H 1
| #define HAVE_SYS_STAT_H 1
| #define HAVE_STDLIB_H 1
| #define HAVE_STRING_H 1
| #define HAVE_MEMORY_H 1
| #define HAVE_STRINGS_H 1
| #define HAVE_INTTYPES_H 1
| #define HAVE_STDINT_H 1
| #define HAVE_UNISTD_H 1
| #define HAVE_DLFCN_H 1
| #define LT_OBJDIR ".libs/"
| #define SDL_BUILD_MAJOR_VERSION 2
| #define SDL_BUILD_MINOR_VERSION 6
| #define SDL_BUILD_MICRO_VERSION 3
| #define PACKAGE "SDL2_image"
| #define VERSION "2.6.3"
| #define USE_STBIMAGE 1
| /* end confdefs.h.  */
| #include <avif/avif.h>
configure:10641: result: no
configure:10641: checking for avif/avif.h
configure:10641: result: no
configure:10650: checking for avifVersion in -lavif
configure:10675: arm-linux-gnueabihf-gcc -o conftest -Wno-undef -Os -marm -mtune=cortex-a7 -mfpu=neon-vfpv4 -march=armv7ve+simd -mfloat-abi=hard -ffunction-sections -fdata-sections -I/usr -D_REENTRANT -I/root/workspace/build/include -I/root/workspace/build/include/SDL2  -L/opt/miyoomini-toolchain/arm-linux-gnueabihf/libc/lib -L/usr/lib/arm-linux-gnueabihf/ conftest.c -lavif   -L/root/workspace/build/lib -Wl,-rpath,/root/workspace/build/lib -Wl,--enable-new-dtags -lSDL2 >&5
/opt/miyoomini-toolchain/bin/../lib/gcc/arm-linux-gnueabihf/8.3.0/../../../../arm-linux-gnueabihf/bin/ld: cannot find -lavif
collect2: error: ld returned 1 exit status
configure:10675: $? = 1
configure: failed program was:
| /* confdefs.h */
| #define PACKAGE_NAME "SDL2_image"
| #define PACKAGE_TARNAME "SDL2_image"
| #define PACKAGE_VERSION "2.6.3"
| #define PACKAGE_STRING "SDL2_image 2.6.3"
| #define PACKAGE_BUGREPORT "https://github.com/libsdl-org/SDL_image/issues"
| #define PACKAGE_URL ""
| #define STDC_HEADERS 1
| #define HAVE_SYS_TYPES_H 1
| #define HAVE_SYS_STAT_H 1
| #define HAVE_STDLIB_H 1
| #define HAVE_STRING_H 1
| #define HAVE_MEMORY_H 1
| #define HAVE_STRINGS_H 1
| #define HAVE_INTTYPES_H 1
| #define HAVE_STDINT_H 1
| #define HAVE_UNISTD_H 1
| #define HAVE_DLFCN_H 1
| #define LT_OBJDIR ".libs/"
| #define SDL_BUILD_MAJOR_VERSION 2
| #define SDL_BUILD_MINOR_VERSION 6
| #define SDL_BUILD_MICRO_VERSION 3
| #define PACKAGE "SDL2_image"
| #define VERSION "2.6.3"
| #define USE_STBIMAGE 1
| /* end confdefs.h.  */
| 
| /* Override any GCC internal prototype to avoid an error.
|    Use char because int might match the return type of a GCC
|    builtin and then its argument prototype would still apply.  */
| #ifdef __cplusplus
| extern "C"
| #endif
| char avifVersion ();
| int
| main ()
| {
| return avifVersion ();
|   ;
|   return 0;
| }
configure:10684: result: no
configure:10782: WARNING: *** Unable to find AVIF library (https://github.com/AOMediaCodec/libavif)
configure:10784: WARNING: AVIF image loading disabled
configure:11018: checking for libjxl
configure:11025: $PKG_CONFIG --exists --print-errors "libjxl"
Package libjxl was not found in the pkg-config search path.
Perhaps you should add the directory containing `libjxl.pc'
to the PKG_CONFIG_PATH environment variable
No package 'libjxl' found
configure:11028: $? = 1
configure:11042: $PKG_CONFIG --exists --print-errors "libjxl"
Package libjxl was not found in the pkg-config search path.
Perhaps you should add the directory containing `libjxl.pc'
to the PKG_CONFIG_PATH environment variable
No package 'libjxl' found
configure:11045: $? = 1
configure:11059: result: no
No package 'libjxl' found
configure:11075: checking jxl/decode.h usability
configure:11075: arm-linux-gnueabihf-gcc -c -Wno-undef -Os -marm -mtune=cortex-a7 -mfpu=neon-vfpv4 -march=armv7ve+simd -mfloat-abi=hard -ffunction-sections -fdata-sections -I/usr -D_REENTRANT -I/root/workspace/build/include -I/root/workspace/build/include/SDL2  conftest.c >&5
conftest.c:61:10: fatal error: jxl/decode.h: No such file or directory
 #include <jxl/decode.h>
          ^~~~~~~~~~~~~~
compilation terminated.
configure:11075: $? = 1
configure: failed program was:
| /* confdefs.h */
| #define PACKAGE_NAME "SDL2_image"
| #define PACKAGE_TARNAME "SDL2_image"
| #define PACKAGE_VERSION "2.6.3"
| #define PACKAGE_STRING "SDL2_image 2.6.3"
| #define PACKAGE_BUGREPORT "https://github.com/libsdl-org/SDL_image/issues"
| #define PACKAGE_URL ""
| #define STDC_HEADERS 1
| #define HAVE_SYS_TYPES_H 1
| #define HAVE_SYS_STAT_H 1
| #define HAVE_STDLIB_H 1
| #define HAVE_STRING_H 1
| #define HAVE_MEMORY_H 1
| #define HAVE_STRINGS_H 1
| #define HAVE_INTTYPES_H 1
| #define HAVE_STDINT_H 1
| #define HAVE_UNISTD_H 1
| #define HAVE_DLFCN_H 1
| #define LT_OBJDIR ".libs/"
| #define SDL_BUILD_MAJOR_VERSION 2
| #define SDL_BUILD_MINOR_VERSION 6
| #define SDL_BUILD_MICRO_VERSION 3
| #define PACKAGE "SDL2_image"
| #define VERSION "2.6.3"
| #define USE_STBIMAGE 1
| #define LOAD_JPG 1
| /* end confdefs.h.  */
| #include <stdio.h>
| #ifdef HAVE_SYS_TYPES_H
| # include <sys/types.h>
| #endif
| #ifdef HAVE_SYS_STAT_H
| # include <sys/stat.h>
| #endif
| #ifdef STDC_HEADERS
| # include <stdlib.h>
| # include <stddef.h>
| #else
| # ifdef HAVE_STDLIB_H
| #  include <stdlib.h>
| # endif
| #endif
| #ifdef HAVE_STRING_H
| # if !defined STDC_HEADERS && defined HAVE_MEMORY_H
| #  include <memory.h>
| # endif
| # include <string.h>
| #endif
| #ifdef HAVE_STRINGS_H
| # include <strings.h>
| #endif
| #ifdef HAVE_INTTYPES_H
| # include <inttypes.h>
| #endif
| #ifdef HAVE_STDINT_H
| # include <stdint.h>
| #endif
| #ifdef HAVE_UNISTD_H
| # include <unistd.h>
| #endif
| #include <jxl/decode.h>
configure:11075: result: no
configure:11075: checking jxl/decode.h presence
configure:11075: arm-linux-gnueabihf-gcc -E  conftest.c
conftest.c:28:10: fatal error: jxl/decode.h: No such file or directory
 #include <jxl/decode.h>
          ^~~~~~~~~~~~~~
compilation terminated.
configure:11075: $? = 1
configure: failed program was:
| /* confdefs.h */
| #define PACKAGE_NAME "SDL2_image"
| #define PACKAGE_TARNAME "SDL2_image"
| #define PACKAGE_VERSION "2.6.3"
| #define PACKAGE_STRING "SDL2_image 2.6.3"
| #define PACKAGE_BUGREPORT "https://github.com/libsdl-org/SDL_image/issues"
| #define PACKAGE_URL ""
| #define STDC_HEADERS 1
| #define HAVE_SYS_TYPES_H 1
| #define HAVE_SYS_STAT_H 1
| #define HAVE_STDLIB_H 1
| #define HAVE_STRING_H 1
| #define HAVE_MEMORY_H 1
| #define HAVE_STRINGS_H 1
| #define HAVE_INTTYPES_H 1
| #define HAVE_STDINT_H 1
| #define HAVE_UNISTD_H 1
| #define HAVE_DLFCN_H 1
| #define LT_OBJDIR ".libs/"
| #define SDL_BUILD_MAJOR_VERSION 2
| #define SDL_BUILD_MINOR_VERSION 6
| #define SDL_BUILD_MICRO_VERSION 3
| #define PACKAGE "SDL2_image"
| #define VERSION "2.6.3"
| #define USE_STBIMAGE 1
| #define LOAD_JPG 1
| /* end confdefs.h.  */
| #include <jxl/decode.h>
configure:11075: result: no
configure:11075: checking for jxl/decode.h
configure:11075: result: no
configure:11084: checking for JxlSignatureCheck in -ljxl
configure:11109: arm-linux-gnueabihf-gcc -o conftest -Wno-undef -Os -marm -mtune=cortex-a7 -mfpu=neon-vfpv4 -march=armv7ve+simd -mfloat-abi=hard -ffunction-sections -fdata-sections -I/usr -D_REENTRANT -I/root/workspace/build/include -I/root/workspace/build/include/SDL2  -L/opt/miyoomini-toolchain/arm-linux-gnueabihf/libc/lib -L/usr/lib/arm-linux-gnueabihf/ conftest.c -ljxl   -L/root/workspace/build/lib -Wl,-rpath,/root/workspace/build/lib -Wl,--enable-new-dtags -lSDL2 >&5
/opt/miyoomini-toolchain/bin/../lib/gcc/arm-linux-gnueabihf/8.3.0/../../../../arm-linux-gnueabihf/bin/ld: cannot find -ljxl
collect2: error: ld returned 1 exit status
configure:11109: $? = 1
configure: failed program was:
| /* confdefs.h */
| #define PACKAGE_NAME "SDL2_image"
| #define PACKAGE_TARNAME "SDL2_image"
| #define PACKAGE_VERSION "2.6.3"
| #define PACKAGE_STRING "SDL2_image 2.6.3"
| #define PACKAGE_BUGREPORT "https://github.com/libsdl-org/SDL_image/issues"
| #define PACKAGE_URL ""
| #define STDC_HEADERS 1
| #define HAVE_SYS_TYPES_H 1
| #define HAVE_SYS_STAT_H 1
| #define HAVE_STDLIB_H 1
| #define HAVE_STRING_H 1
| #define HAVE_MEMORY_H 1
| #define HAVE_STRINGS_H 1
| #define HAVE_INTTYPES_H 1
| #define HAVE_STDINT_H 1
| #define HAVE_UNISTD_H 1
| #define HAVE_DLFCN_H 1
| #define LT_OBJDIR ".libs/"
| #define SDL_BUILD_MAJOR_VERSION 2
| #define SDL_BUILD_MINOR_VERSION 6
| #define SDL_BUILD_MICRO_VERSION 3
| #define PACKAGE "SDL2_image"
| #define VERSION "2.6.3"
| #define USE_STBIMAGE 1
| #define LOAD_JPG 1
| /* end confdefs.h.  */
| 
| /* Override any GCC internal prototype to avoid an error.
|    Use char because int might match the return type of a GCC
|    builtin and then its argument prototype would still apply.  */
| #ifdef __cplusplus
| extern "C"
| #endif
| char JxlSignatureCheck ();
| int
| main ()
| {
| return JxlSignatureCheck ();
|   ;
|   return 0;
| }
configure:11118: result: no
configure:11216: WARNING: *** Unable to find JXL library (https://jpegxl.info/)
configure:11218: WARNING: JXL image loading disabled
configure:11450: checking for libtiff-4
configure:11457: $PKG_CONFIG --exists --print-errors "libtiff-4"
Package libtiff-4 was not found in the pkg-config search path.
Perhaps you should add the directory containing `libtiff-4.pc'
to the PKG_CONFIG_PATH environment variable
No package 'libtiff-4' found
configure:11460: $? = 1
configure:11474: $PKG_CONFIG --exists --print-errors "libtiff-4"
Package libtiff-4 was not found in the pkg-config search path.
Perhaps you should add the directory containing `libtiff-4.pc'
to the PKG_CONFIG_PATH environment variable
No package 'libtiff-4' found
configure:11477: $? = 1
configure:11491: result: no
No package 'libtiff-4' found
configure:11507: checking tiffio.h usability
configure:11507: arm-linux-gnueabihf-gcc -c -Wno-undef -Os -marm -mtune=cortex-a7 -mfpu=neon-vfpv4 -march=armv7ve+simd -mfloat-abi=hard -ffunction-sections -fdata-sections -I/usr -D_REENTRANT -I/root/workspace/build/include -I/root/workspace/build/include/SDL2  conftest.c >&5
conftest.c:62:10: fatal error: tiffio.h: No such file or directory
 #include <tiffio.h>
          ^~~~~~~~~~
compilation terminated.
configure:11507: $? = 1
configure: failed program was:
| /* confdefs.h */
| #define PACKAGE_NAME "SDL2_image"
| #define PACKAGE_TARNAME "SDL2_image"
| #define PACKAGE_VERSION "2.6.3"
| #define PACKAGE_STRING "SDL2_image 2.6.3"
| #define PACKAGE_BUGREPORT "https://github.com/libsdl-org/SDL_image/issues"
| #define PACKAGE_URL ""
| #define STDC_HEADERS 1
| #define HAVE_SYS_TYPES_H 1
| #define HAVE_SYS_STAT_H 1
| #define HAVE_STDLIB_H 1
| #define HAVE_STRING_H 1
| #define HAVE_MEMORY_H 1
| #define HAVE_STRINGS_H 1
| #define HAVE_INTTYPES_H 1
| #define HAVE_STDINT_H 1
| #define HAVE_UNISTD_H 1
| #define HAVE_DLFCN_H 1
| #define LT_OBJDIR ".libs/"
| #define SDL_BUILD_MAJOR_VERSION 2
| #define SDL_BUILD_MINOR_VERSION 6
| #define SDL_BUILD_MICRO_VERSION 3
| #define PACKAGE "SDL2_image"
| #define VERSION "2.6.3"
| #define USE_STBIMAGE 1
| #define LOAD_JPG 1
| #define LOAD_PNG 1
| /* end confdefs.h.  */
| #include <stdio.h>
| #ifdef HAVE_SYS_TYPES_H
| # include <sys/types.h>
| #endif
| #ifdef HAVE_SYS_STAT_H
| # include <sys/stat.h>
| #endif
| #ifdef STDC_HEADERS
| # include <stdlib.h>
| # include <stddef.h>
| #else
| # ifdef HAVE_STDLIB_H
| #  include <stdlib.h>
| # endif
| #endif
| #ifdef HAVE_STRING_H
| # if !defined STDC_HEADERS && defined HAVE_MEMORY_H
| #  include <memory.h>
| # endif
| # include <string.h>
| #endif
| #ifdef HAVE_STRINGS_H
| # include <strings.h>
| #endif
| #ifdef HAVE_INTTYPES_H
| # include <inttypes.h>
| #endif
| #ifdef HAVE_STDINT_H
| # include <stdint.h>
| #endif
| #ifdef HAVE_UNISTD_H
| # include <unistd.h>
| #endif
| #include <tiffio.h>
configure:11507: result: no
configure:11507: checking tiffio.h presence
configure:11507: arm-linux-gnueabihf-gcc -E  conftest.c
conftest.c:29:10: fatal error: tiffio.h: No such file or directory
 #include <tiffio.h>
          ^~~~~~~~~~
compilation terminated.
configure:11507: $? = 1
configure: failed program was:
| /* confdefs.h */
| #define PACKAGE_NAME "SDL2_image"
| #define PACKAGE_TARNAME "SDL2_image"
| #define PACKAGE_VERSION "2.6.3"
| #define PACKAGE_STRING "SDL2_image 2.6.3"
| #define PACKAGE_BUGREPORT "https://github.com/libsdl-org/SDL_image/issues"
| #define PACKAGE_URL ""
| #define STDC_HEADERS 1
| #define HAVE_SYS_TYPES_H 1
| #define HAVE_SYS_STAT_H 1
| #define HAVE_STDLIB_H 1
| #define HAVE_STRING_H 1
| #define HAVE_MEMORY_H 1
| #define HAVE_STRINGS_H 1
| #define HAVE_INTTYPES_H 1
| #define HAVE_STDINT_H 1
| #define HAVE_UNISTD_H 1
| #define HAVE_DLFCN_H 1
| #define LT_OBJDIR ".libs/"
| #define SDL_BUILD_MAJOR_VERSION 2
| #define SDL_BUILD_MINOR_VERSION 6
| #define SDL_BUILD_MICRO_VERSION 3
| #define PACKAGE "SDL2_image"
| #define VERSION "2.6.3"
| #define USE_STBIMAGE 1
| #define LOAD_JPG 1
| #define LOAD_PNG 1
| /* end confdefs.h.  */
| #include <tiffio.h>
configure:11507: result: no
configure:11507: checking for tiffio.h
configure:11507: result: no
configure:11516: checking for TIFFClientOpen in -ltiff
configure:11541: arm-linux-gnueabihf-gcc -o conftest -Wno-undef -Os -marm -mtune=cortex-a7 -mfpu=neon-vfpv4 -march=armv7ve+simd -mfloat-abi=hard -ffunction-sections -fdata-sections -I/usr -D_REENTRANT -I/root/workspace/build/include -I/root/workspace/build/include/SDL2  -L/opt/miyoomini-toolchain/arm-linux-gnueabihf/libc/lib -L/usr/lib/arm-linux-gnueabihf/ conftest.c -ltiff -lz  -L/root/workspace/build/lib -Wl,-rpath,/root/workspace/build/lib -Wl,--enable-new-dtags -lSDL2 >&5
/opt/miyoomini-toolchain/bin/../lib/gcc/arm-linux-gnueabihf/8.3.0/../../../../arm-linux-gnueabihf/bin/ld: cannot find -ltiff
collect2: error: ld returned 1 exit status
configure:11541: $? = 1
configure: failed program was:
| /* confdefs.h */
| #define PACKAGE_NAME "SDL2_image"
| #define PACKAGE_TARNAME "SDL2_image"
| #define PACKAGE_VERSION "2.6.3"
| #define PACKAGE_STRING "SDL2_image 2.6.3"
| #define PACKAGE_BUGREPORT "https://github.com/libsdl-org/SDL_image/issues"
| #define PACKAGE_URL ""
| #define STDC_HEADERS 1
| #define HAVE_SYS_TYPES_H 1
| #define HAVE_SYS_STAT_H 1
| #define HAVE_STDLIB_H 1
| #define HAVE_STRING_H 1
| #define HAVE_MEMORY_H 1
| #define HAVE_STRINGS_H 1
| #define HAVE_INTTYPES_H 1
| #define HAVE_STDINT_H 1
| #define HAVE_UNISTD_H 1
| #define HAVE_DLFCN_H 1
| #define LT_OBJDIR ".libs/"
| #define SDL_BUILD_MAJOR_VERSION 2
| #define SDL_BUILD_MINOR_VERSION 6
| #define SDL_BUILD_MICRO_VERSION 3
| #define PACKAGE "SDL2_image"
| #define VERSION "2.6.3"
| #define USE_STBIMAGE 1
| #define LOAD_JPG 1
| #define LOAD_PNG 1
| /* end confdefs.h.  */
| 
| /* Override any GCC internal prototype to avoid an error.
|    Use char because int might match the return type of a GCC
|    builtin and then its argument prototype would still apply.  */
| #ifdef __cplusplus
| extern "C"
| #endif
| char TIFFClientOpen ();
| int
| main ()
| {
| return TIFFClientOpen ();
|   ;
|   return 0;
| }
configure:11550: result: no
configure:11646: WARNING: *** Unable to find Tiff library (http://www.simplesystems.org/libtiff/)
configure:11648: WARNING: TIF image loading disabled
configure:11664: checking for libwebp
configure:11671: $PKG_CONFIG --exists --print-errors "lib$webplib"
Package libwebp was not found in the pkg-config search path.
Perhaps you should add the directory containing `libwebp.pc'
to the PKG_CONFIG_PATH environment variable
No package 'libwebp' found
configure:11674: $? = 1
configure:11688: $PKG_CONFIG --exists --print-errors "lib$webplib"
Package libwebp was not found in the pkg-config search path.
Perhaps you should add the directory containing `libwebp.pc'
to the PKG_CONFIG_PATH environment variable
No package 'libwebp' found
configure:11691: $? = 1
configure:11705: result: no
No package 'libwebp' found
configure:11721: checking webp/decode.h usability
configure:11721: arm-linux-gnueabihf-gcc -c -Wno-undef -Os -marm -mtune=cortex-a7 -mfpu=neon-vfpv4 -march=armv7ve+simd -mfloat-abi=hard -ffunction-sections -fdata-sections -I/usr -D_REENTRANT -I/root/workspace/build/include -I/root/workspace/build/include/SDL2  conftest.c >&5
conftest.c:62:10: fatal error: webp/decode.h: No such file or directory
 #include <webp/decode.h>
          ^~~~~~~~~~~~~~~
compilation terminated.
configure:11721: $? = 1
configure: failed program was:
| /* confdefs.h */
| #define PACKAGE_NAME "SDL2_image"
| #define PACKAGE_TARNAME "SDL2_image"
| #define PACKAGE_VERSION "2.6.3"
| #define PACKAGE_STRING "SDL2_image 2.6.3"
| #define PACKAGE_BUGREPORT "https://github.com/libsdl-org/SDL_image/issues"
| #define PACKAGE_URL ""
| #define STDC_HEADERS 1
| #define HAVE_SYS_TYPES_H 1
| #define HAVE_SYS_STAT_H 1
| #define HAVE_STDLIB_H 1
| #define HAVE_STRING_H 1
| #define HAVE_MEMORY_H 1
| #define HAVE_STRINGS_H 1
| #define HAVE_INTTYPES_H 1
| #define HAVE_STDINT_H 1
| #define HAVE_UNISTD_H 1
| #define HAVE_DLFCN_H 1
| #define LT_OBJDIR ".libs/"
| #define SDL_BUILD_MAJOR_VERSION 2
| #define SDL_BUILD_MINOR_VERSION 6
| #define SDL_BUILD_MICRO_VERSION 3
| #define PACKAGE "SDL2_image"
| #define VERSION "2.6.3"
| #define USE_STBIMAGE 1
| #define LOAD_JPG 1
| #define LOAD_PNG 1
| /* end confdefs.h.  */
| #include <stdio.h>
| #ifdef HAVE_SYS_TYPES_H
| # include <sys/types.h>
| #endif
| #ifdef HAVE_SYS_STAT_H
| # include <sys/stat.h>
| #endif
| #ifdef STDC_HEADERS
| # include <stdlib.h>
| # include <stddef.h>
| #else
| # ifdef HAVE_STDLIB_H
| #  include <stdlib.h>
| # endif
| #endif
| #ifdef HAVE_STRING_H
| # if !defined STDC_HEADERS && defined HAVE_MEMORY_H
| #  include <memory.h>
| # endif
| # include <string.h>
| #endif
| #ifdef HAVE_STRINGS_H
| # include <strings.h>
| #endif
| #ifdef HAVE_INTTYPES_H
| # include <inttypes.h>
| #endif
| #ifdef HAVE_STDINT_H
| # include <stdint.h>
| #endif
| #ifdef HAVE_UNISTD_H
| # include <unistd.h>
| #endif
| #include <webp/decode.h>
configure:11721: result: no
configure:11721: checking webp/decode.h presence
configure:11721: arm-linux-gnueabihf-gcc -E  conftest.c
conftest.c:29:10: fatal error: webp/decode.h: No such file or directory
 #include <webp/decode.h>
          ^~~~~~~~~~~~~~~
compilation terminated.
configure:11721: $? = 1
configure: failed program was:
| /* confdefs.h */
| #define PACKAGE_NAME "SDL2_image"
| #define PACKAGE_TARNAME "SDL2_image"
| #define PACKAGE_VERSION "2.6.3"
| #define PACKAGE_STRING "SDL2_image 2.6.3"
| #define PACKAGE_BUGREPORT "https://github.com/libsdl-org/SDL_image/issues"
| #define PACKAGE_URL ""
| #define STDC_HEADERS 1
| #define HAVE_SYS_TYPES_H 1
| #define HAVE_SYS_STAT_H 1
| #define HAVE_STDLIB_H 1
| #define HAVE_STRING_H 1
| #define HAVE_MEMORY_H 1
| #define HAVE_STRINGS_H 1
| #define HAVE_INTTYPES_H 1
| #define HAVE_STDINT_H 1
| #define HAVE_UNISTD_H 1
| #define HAVE_DLFCN_H 1
| #define LT_OBJDIR ".libs/"
| #define SDL_BUILD_MAJOR_VERSION 2
| #define SDL_BUILD_MINOR_VERSION 6
| #define SDL_BUILD_MICRO_VERSION 3
| #define PACKAGE "SDL2_image"
| #define VERSION "2.6.3"
| #define USE_STBIMAGE 1
| #define LOAD_JPG 1
| #define LOAD_PNG 1
| /* end confdefs.h.  */
| #include <webp/decode.h>
configure:11721: result: no
configure:11721: checking for webp/decode.h
configure:11721: result: no
configure:11731: checking for WebPGetDecoderVersion in -lwebp
configure:11756: arm-linux-gnueabihf-gcc -o conftest -Wno-undef -Os -marm -mtune=cortex-a7 -mfpu=neon-vfpv4 -march=armv7ve+simd -mfloat-abi=hard -ffunction-sections -fdata-sections -I/usr -D_REENTRANT -I/root/workspace/build/include -I/root/workspace/build/include/SDL2  -L/opt/miyoomini-toolchain/arm-linux-gnueabihf/libc/lib -L/usr/lib/arm-linux-gnueabihf/ conftest.c -lwebp -lm  -L/root/workspace/build/lib -Wl,-rpath,/root/workspace/build/lib -Wl,--enable-new-dtags -lSDL2 >&5
/opt/miyoomini-toolchain/bin/../lib/gcc/arm-linux-gnueabihf/8.3.0/../../../../arm-linux-gnueabihf/bin/ld: cannot find -lwebp
collect2: error: ld returned 1 exit status
configure:11756: $? = 1
configure: failed program was:
| /* confdefs.h */
| #define PACKAGE_NAME "SDL2_image"
| #define PACKAGE_TARNAME "SDL2_image"
| #define PACKAGE_VERSION "2.6.3"
| #define PACKAGE_STRING "SDL2_image 2.6.3"
| #define PACKAGE_BUGREPORT "https://github.com/libsdl-org/SDL_image/issues"
| #define PACKAGE_URL ""
| #define STDC_HEADERS 1
| #define HAVE_SYS_TYPES_H 1
| #define HAVE_SYS_STAT_H 1
| #define HAVE_STDLIB_H 1
| #define HAVE_STRING_H 1
| #define HAVE_MEMORY_H 1
| #define HAVE_STRINGS_H 1
| #define HAVE_INTTYPES_H 1
| #define HAVE_STDINT_H 1
| #define HAVE_UNISTD_H 1
| #define HAVE_DLFCN_H 1
| #define LT_OBJDIR ".libs/"
| #define SDL_BUILD_MAJOR_VERSION 2
| #define SDL_BUILD_MINOR_VERSION 6
| #define SDL_BUILD_MICRO_VERSION 3
| #define PACKAGE "SDL2_image"
| #define VERSION "2.6.3"
| #define USE_STBIMAGE 1
| #define LOAD_JPG 1
| #define LOAD_PNG 1
| /* end confdefs.h.  */
| 
| /* Override any GCC internal prototype to avoid an error.
|    Use char because int might match the return type of a GCC
|    builtin and then its argument prototype would still apply.  */
| #ifdef __cplusplus
| extern "C"
| #endif
| char WebPGetDecoderVersion ();
| int
| main ()
| {
| return WebPGetDecoderVersion ();
|   ;
|   return 0;
| }
configure:11766: result: no
configure:11864: WARNING: *** Unable to find WEBP library (https://developers.google.com/speed/webp)
configure:11866: WARNING: WEBP image loading disabled
configure:9916: checking for linker option --no-undefined
configure:9936: arm-linux-gnueabihf-gcc -o conftest -Wno-undef -Os -marm -mtune=cortex-a7 -mfpu=neon-vfpv4 -march=armv7ve+simd -mfloat-abi=hard -ffunction-sections -fdata-sections -I/usr -D_REENTRANT -I/root/workspace/build/include -I/root/workspace/build/include/SDL2  -L/opt/miyoomini-toolchain/arm-linux-gnueabihf/libc/lib -L/usr/lib/arm-linux-gnueabihf/ -Wl,--no-undefined conftest.c  -L/root/workspace/build/lib -Wl,-rpath,/root/workspace/build/lib -Wl,--enable-new-dtags -lSDL2 >&5
configure:9936: $? = 0
configure:9945: result: yes
configure:9951: checking for GCC -Wall option
configure:9968: arm-linux-gnueabihf-gcc -c -Wno-undef -Os -marm -mtune=cortex-a7 -mfpu=neon-vfpv4 -march=armv7ve+simd -mfloat-abi=hard -ffunction-sections -fdata-sections -I/usr -D_REENTRANT -I/root/workspace/build/include -I/root/workspace/build/include/SDL2 -Wall  conftest.c >&5
configure:9968: $? = 0
configure:9972: result: yes
configure:9979: checking for necessary GCC -Wno-multichar option
configure:9987: result: no
configure:9997: checking for GCC -fvisibility=hidden option
configure:10026: arm-linux-gnueabihf-gcc -c -Wno-undef -Os -marm -mtune=cortex-a7 -mfpu=neon-vfpv4 -march=armv7ve+simd -mfloat-abi=hard -ffunction-sections -fdata-sections -I/usr -D_REENTRANT -I/root/workspace/build/include -I/root/workspace/build/include/SDL2 -Wall -fvisibility=hidden -Werror  conftest.c >&5
configure:10026: $? = 0
configure:10030: result: yes
configure:12366: checking that generated files are newer than configure
configure:12372: result: done
configure:12415: creating ./config.status

## ---------------------- ##
## Running config.status. ##
## ---------------------- ##

This file was extended by SDL2_image config.status 2.6.3, which was
generated by GNU Autoconf 2.69.  Invocation command line was

  CONFIG_FILES    = 
  CONFIG_HEADERS  = 
  CONFIG_LINKS    = 
  CONFIG_COMMANDS = 
  $ ./config.status 

on ce6698212a92

config.status:1065: creating Makefile
config.status:1065: creating sdl2_image-config.cmake
config.status:1065: creating sdl2_image-config-version.cmake
config.status:1065: creating SDL2_image.spec
config.status:1065: creating SDL2_image.pc
config.status:1065: creating test/Makefile
config.status:1237: executing libtool commands
config.status:1237: executing depfiles commands
config.status:1955: cd .       && sed -e '/# am--include-marker/d' Makefile         | make -f - am--depfiles
config.status:1960: $? = 0
config.status:1955: cd test       && sed -e '/# am--include-marker/d' Makefile         | make -f - am--depfiles
config.status:1960: $? = 0

## ---------------- ##
## Cache variables. ##
## ---------------- ##

ac_cv_build=x86_64-pc-linux-gnu
ac_cv_c_compiler_gnu=yes
ac_cv_env_CC_set=set
ac_cv_env_CC_value=arm-linux-gnueabihf-gcc
ac_cv_env_CFLAGS_set=set
ac_cv_env_CFLAGS_value='-Wno-undef -Os -marm -mtune=cortex-a7 -mfpu=neon-vfpv4 -march=armv7ve+simd -mfloat-abi=hard -ffunction-sections -fdata-sections -I/usr'
ac_cv_env_CPPFLAGS_set=
ac_cv_env_CPPFLAGS_value=
ac_cv_env_CPP_set=
ac_cv_env_CPP_value=
ac_cv_env_LDFLAGS_set=set
ac_cv_env_LDFLAGS_value='-L/opt/miyoomini-toolchain/arm-linux-gnueabihf/libc/lib -L/usr/lib/arm-linux-gnueabihf/'
ac_cv_env_LIBAVIF_CFLAGS_set=
ac_cv_env_LIBAVIF_CFLAGS_value=
ac_cv_env_LIBAVIF_LIBS_set=
ac_cv_env_LIBAVIF_LIBS_value=
ac_cv_env_LIBJPEG_CFLAGS_set=
ac_cv_env_LIBJPEG_CFLAGS_value=
ac_cv_env_LIBJPEG_LIBS_set=
ac_cv_env_LIBJPEG_LIBS_value=
ac_cv_env_LIBJXL_CFLAGS_set=
ac_cv_env_LIBJXL_CFLAGS_value=
ac_cv_env_LIBJXL_LIBS_set=
ac_cv_env_LIBJXL_LIBS_value=
ac_cv_env_LIBPNG_CFLAGS_set=
ac_cv_env_LIBPNG_CFLAGS_value=
ac_cv_env_LIBPNG_LIBS_set=
ac_cv_env_LIBPNG_LIBS_value=
ac_cv_env_LIBS_set=
ac_cv_env_LIBS_value=
ac_cv_env_LIBTIFF_CFLAGS_set=
ac_cv_env_LIBTIFF_CFLAGS_value=
ac_cv_env_LIBTIFF_LIBS_set=
ac_cv_env_LIBTIFF_LIBS_value=
ac_cv_env_LIBWEBP_CFLAGS_set=
ac_cv_env_LIBWEBP_CFLAGS_value=
ac_cv_env_LIBWEBP_LIBS_set=
ac_cv_env_LIBWEBP_LIBS_value=
ac_cv_env_OBJCFLAGS_set=
ac_cv_env_OBJCFLAGS_value=
ac_cv_env_OBJC_set=
ac_cv_env_OBJC_value=
ac_cv_env_PKG_CONFIG_LIBDIR_set=
ac_cv_env_PKG_CONFIG_LIBDIR_value=
ac_cv_env_PKG_CONFIG_PATH_set=set
ac_cv_env_PKG_CONFIG_PATH_value=/root/workspace/build/lib/pkgconfig::/root/workspace/SDL2-2.26.5/
ac_cv_env_PKG_CONFIG_set=
ac_cv_env_PKG_CONFIG_value=
ac_cv_env_SDL_CFLAGS_set=
ac_cv_env_SDL_CFLAGS_value=
ac_cv_env_SDL_LIBS_set=
ac_cv_env_SDL_LIBS_value=
ac_cv_env_build_alias_set=set
ac_cv_env_build_alias_value=x86_64-linux-gnu
ac_cv_env_host_alias_set=set
ac_cv_env_host_alias_value=arm-linux-gnueabihf
ac_cv_env_target_alias_set=
ac_cv_env_target_alias_value=
ac_cv_header_avif_avif_h=no
ac_cv_header_dlfcn_h=yes
ac_cv_header_inttypes_h=yes
ac_cv_header_jxl_decode_h=no
ac_cv_header_memory_h=yes
ac_cv_header_stdc=yes
ac_cv_header_stdint_h=yes
ac_cv_header_stdlib_h=yes
ac_cv_header_string_h=yes
ac_cv_header_strings_h=yes
ac_cv_header_sys_stat_h=yes
ac_cv_header_sys_types_h=yes
ac_cv_header_tiffio_h=no
ac_cv_header_unistd_h=yes
ac_cv_header_webp_decode_h=no
ac_cv_host=arm-unknown-linux-gnueabihf
ac_cv_lib_avif_avifVersion=no
ac_cv_lib_jxl_JxlSignatureCheck=no
ac_cv_lib_tiff_TIFFClientOpen=no
ac_cv_lib_webp___WebPGetDecoderVersion=no
ac_cv_objc_compiler_gnu=no
ac_cv_objext=o
ac_cv_path_EGREP='/bin/grep -E'
ac_cv_path_FGREP='/bin/grep -F'
ac_cv_path_GREP=/bin/grep
ac_cv_path_SED=/bin/sed
ac_cv_path_ac_pt_PKG_CONFIG=/usr/bin/pkg-config
ac_cv_path_install='/usr/bin/install -c'
ac_cv_path_mkdir=/bin/mkdir
ac_cv_prog_AR=arm-linux-gnueabihf-ar
ac_cv_prog_AWK=mawk
ac_cv_prog_CC=arm-linux-gnueabihf-gcc
ac_cv_prog_CPP='arm-linux-gnueabihf-gcc -E'
ac_cv_prog_OBJC=arm-linux-gnueabihf-gcc
ac_cv_prog_OBJDUMP=arm-linux-gnueabihf-objdump
ac_cv_prog_RANLIB=arm-linux-gnueabihf-ranlib
ac_cv_prog_STRIP=arm-linux-gnueabihf-strip
ac_cv_prog_cc_c89=
ac_cv_prog_cc_g=yes
ac_cv_prog_make_make_set=yes
ac_cv_prog_objc_g=no
am_cv_CC_dependencies_compiler_type=gcc3
am_cv_OBJC_dependencies_compiler_type=gcc3
am_cv_make_support_nested_variables=yes
am_cv_prog_cc_c_o=yes
am_cv_prog_tar_ustar=gnutar
lt_cv_deplibs_check_method=pass_all
lt_cv_file_magic_cmd='$MAGIC_CMD'
lt_cv_file_magic_test_file=
lt_cv_ld_reload_flag=-r
lt_cv_nm_interface='BSD nm'
lt_cv_objdir=.libs
lt_cv_path_LD=arm-linux-gnueabihf-ld
lt_cv_path_NM=arm-linux-gnueabihf-nm
lt_cv_prog_compiler_c_o=yes
lt_cv_prog_compiler_pic_works=yes
lt_cv_prog_compiler_rtti_exceptions=no
lt_cv_prog_compiler_static_works=yes
lt_cv_prog_gnu_ld=yes
lt_cv_sys_global_symbol_pipe='sed -n -e '\''s/^.*[	 ]\([ABCDGIRSTW][ABCDGIRSTW]*\)[	 ][	 ]*\([_A-Za-z][_A-Za-z0-9]*\)$/\1 \2 \2/p'\'''
lt_cv_sys_global_symbol_to_c_name_address='sed -n -e '\''s/^: \([^ ]*\) $/  {\"\1\", (void *) 0},/p'\'' -e '\''s/^[ABCDGIRSTW]* \([^ ]*\) \([^ ]*\)$/  {"\2", (void *) \&\2},/p'\'''
lt_cv_sys_global_symbol_to_c_name_address_lib_prefix='sed -n -e '\''s/^: \([^ ]*\) $/  {\"\1\", (void *) 0},/p'\'' -e '\''s/^[ABCDGIRSTW]* \([^ ]*\) \(lib[^ ]*\)$/  {"\2", (void *) \&\2},/p'\'' -e '\''s/^[ABCDGIRSTW]* \([^ ]*\) \([^ ]*\)$/  {"lib\2", (void *) \&\2},/p'\'''
lt_cv_sys_global_symbol_to_cdecl='sed -n -e '\''s/^T .* \(.*\)$/extern int \1();/p'\'' -e '\''s/^[ABCDGIRSTW]* .* \(.*\)$/extern char \1;/p'\'''
lt_cv_sys_max_cmd_len=1572864
pkg_cv_SDL_CFLAGS='-D_REENTRANT -I/root/workspace/build/include -I/root/workspace/build/include/SDL2'
pkg_cv_SDL_LIBS='-L/root/workspace/build/lib -Wl,-rpath,/root/workspace/build/lib -Wl,--enable-new-dtags -lSDL2'

## ----------------- ##
## Output variables. ##
## ----------------- ##

ACLOCAL='${SHELL} /root/workspace/SDL2_image-2.6.3/missing aclocal-1.16'
AMDEPBACKSLASH='\'
AMDEP_FALSE='#'
AMDEP_TRUE=''
AMTAR='$${TAR-tar}'
AM_BACKSLASH='\'
AM_DEFAULT_V='$(AM_DEFAULT_VERBOSITY)'
AM_DEFAULT_VERBOSITY='1'
AM_V='$(V)'
AR='arm-linux-gnueabihf-ar'
AS='arm-linux-gnueabihf-as'
AUTOCONF='${SHELL} /root/workspace/SDL2_image-2.6.3/missing autoconf'
AUTOHEADER='${SHELL} /root/workspace/SDL2_image-2.6.3/missing autoheader'
AUTOMAKE='${SHELL} /root/workspace/SDL2_image-2.6.3/missing automake-1.16'
AWK='mawk'
BUILD_TESTS_FALSE=''
BUILD_TESTS_TRUE='#'
CC='arm-linux-gnueabihf-gcc'
CCDEPMODE='depmode=gcc3'
CFLAGS='-Wno-undef -Os -marm -mtune=cortex-a7 -mfpu=neon-vfpv4 -march=armv7ve+simd -mfloat-abi=hard -ffunction-sections -fdata-sections -I/usr -D_REENTRANT -I/root/workspace/build/include -I/root/workspace/build/include/SDL2 -Wall -fvisibility=hidden'
CPP='arm-linux-gnueabihf-gcc -E'
CPPFLAGS=''
CYGPATH_W='echo'
DEFS='-DPACKAGE_NAME=\"SDL2_image\" -DPACKAGE_TARNAME=\"SDL2_image\" -DPACKAGE_VERSION=\"2.6.3\" -DPACKAGE_STRING=\"SDL2_image\ 2.6.3\" -DPACKAGE_BUGREPORT=\"https://github.com/libsdl-org/SDL_image/issues\" -DPACKAGE_URL=\"\" -DSTDC_HEADERS=1 -DHAVE_SYS_TYPES_H=1 -DHAVE_SYS_STAT_H=1 -DHAVE_STDLIB_H=1 -DHAVE_STRING_H=1 -DHAVE_MEMORY_H=1 -DHAVE_STRINGS_H=1 -DHAVE_INTTYPES_H=1 -DHAVE_STDINT_H=1 -DHAVE_UNISTD_H=1 -DHAVE_DLFCN_H=1 -DLT_OBJDIR=\".libs/\" -DSDL_BUILD_MAJOR_VERSION=2 -DSDL_BUILD_MINOR_VERSION=6 -DSDL_BUILD_MICRO_VERSION=3 -DPACKAGE=\"SDL2_image\" -DVERSION=\"2.6.3\" -DUSE_STBIMAGE=1 -DLOAD_JPG=1 -DLOAD_PNG=1 -DLOAD_BMP=1 -DLOAD_GIF=1 -DLOAD_LBM=1 -DLOAD_PCX=1 -DLOAD_PNM=1 -DLOAD_SVG=1 -DLOAD_TGA=1 -DLOAD_XCF=1 -DLOAD_XPM=1 -DLOAD_XV=1 -DLOAD_QOI=1 -DSDL_IMAGE_SAVE_PNG=1 -DSDL_IMAGE_SAVE_JPG=1'
DEPDIR='.deps'
DLLTOOL='dlltool'
DSYMUTIL=''
DUMPBIN=''
ECHO_C=''
ECHO_N='-n'
ECHO_T=''
EGREP='/bin/grep -E'
EXEEXT=''
FGREP='/bin/grep -F'
GREP='/bin/grep'
IMG_LIBS=''
INSTALL_DATA='${INSTALL} -m 644'
INSTALL_PROGRAM='${INSTALL}'
INSTALL_SCRIPT='${INSTALL}'
INSTALL_STRIP_PROGRAM='$(install_sh) -c -s'
INSTALL_TESTS_FALSE=''
INSTALL_TESTS_TRUE='#'
LD='arm-linux-gnueabihf-ld'
LDFLAGS='-L/opt/miyoomini-toolchain/arm-linux-gnueabihf/libc/lib -L/usr/lib/arm-linux-gnueabihf/ -Wl,--no-undefined'
LIBAVIF_CFLAGS=''
LIBAVIF_LIBS=''
LIBJPEG_CFLAGS=''
LIBJPEG_LIBS=''
LIBJXL_CFLAGS=''
LIBJXL_LIBS=''
LIBOBJS=''
LIBPNG_CFLAGS=''
LIBPNG_LIBS=''
LIBS=' -L/root/workspace/build/lib -Wl,-rpath,/root/workspace/build/lib -Wl,--enable-new-dtags -lSDL2'
LIBTIFF_CFLAGS=''
LIBTIFF_LIBS=''
LIBTOOL='$(SHELL) $(top_builddir)/libtool'
LIBWEBP_CFLAGS=''
LIBWEBP_LIBS=''
LIPO=''
LN_S='ln -s'
LOAD_AVIF='0'
LOAD_BMP='1'
LOAD_GIF='1'
LOAD_JPG='1'
LOAD_JXL='0'
LOAD_LBM='1'
LOAD_PCX='1'
LOAD_PNG='1'
LOAD_PNM='1'
LOAD_QOI='1'
LOAD_SVG='1'
LOAD_TGA='1'
LOAD_TIF='0'
LOAD_WEBP='0'
LOAD_XCF='1'
LOAD_XPM='1'
LOAD_XV='1'
LTLIBOBJS=''
LT_AGE='600'
LT_CURRENT='600'
LT_EXTRA=''
LT_RELEASE='2.0'
LT_REVISION='3'
MAJOR_VERSION='2'
MAKEINFO='${SHELL} /root/workspace/SDL2_image-2.6.3/missing makeinfo'
MICRO_VERSION='3'
MINOR_VERSION='6'
MKDIR_P='/bin/mkdir -p'
NM='arm-linux-gnueabihf-nm'
NMEDIT=''
OBJC='arm-linux-gnueabihf-gcc'
OBJCDEPMODE='depmode=gcc3'
OBJCFLAGS='-Wno-undef -Os -marm -mtune=cortex-a7 -mfpu=neon-vfpv4 -march=armv7ve+simd -mfloat-abi=hard -ffunction-sections -fdata-sections -I/usr -D_REENTRANT -I/root/workspace/build/include -I/root/workspace/build/include/SDL2 -Wall -fvisibility=hidden'
OBJDUMP='arm-linux-gnueabihf-objdump'
OBJEXT='o'
OTOOL64=''
OTOOL=''
PACKAGE='SDL2_image'
PACKAGE_BUGREPORT='https://github.com/libsdl-org/SDL_image/issues'
PACKAGE_NAME='SDL2_image'
PACKAGE_STRING='SDL2_image 2.6.3'
PACKAGE_TARNAME='SDL2_image'
PACKAGE_URL=''
PACKAGE_VERSION='2.6.3'
PATH_SEPARATOR=':'
PC_LIBS=''
PC_REQUIRES=''
PKG_CONFIG='/usr/bin/pkg-config'
PKG_CONFIG_LIBDIR=''
PKG_CONFIG_PATH='/root/workspace/build/lib/pkgconfig::/root/workspace/SDL2-2.26.5/'
RANLIB='arm-linux-gnueabihf-ranlib'
RC=':'
SDL2IMAGE_JPG_SAVE='1'
SDL2IMAGE_PNG_SAVE='1'
SDL2_CONFIG='pkg-config sdl2'
SDL_CFLAGS='-D_REENTRANT -I/root/workspace/build/include -I/root/workspace/build/include/SDL2'
SDL_LIBS='-L/root/workspace/build/lib -Wl,-rpath,/root/workspace/build/lib -Wl,--enable-new-dtags -lSDL2'
SDL_VERSION='2.0.9'
SED='/bin/sed'
SET_MAKE=''
SHELL='/bin/bash'
STRIP='arm-linux-gnueabihf-strip'
USE_IMAGEIO='0'
USE_IMAGEIO_FALSE=''
USE_IMAGEIO_TRUE='#'
USE_STBIMAGE='1'
USE_VERSION_RC_FALSE=''
USE_VERSION_RC_TRUE='#'
USE_WIC='0'
VERSION='2.6.3'
ac_ct_CC=''
ac_ct_DUMPBIN=''
ac_ct_OBJC=''
am__EXEEXT_FALSE=''
am__EXEEXT_TRUE='#'
am__fastdepCC_FALSE='#'
am__fastdepCC_TRUE=''
am__fastdepOBJC_FALSE='#'
am__fastdepOBJC_TRUE=''
am__include='include'
am__isrc=''
am__leading_dot='.'
am__nodep='_no'
am__quote=''
am__tar='tar --format=ustar -cf - "$$tardir"'
am__untar='tar -xf -'
bindir='${exec_prefix}/bin'
build='x86_64-pc-linux-gnu'
build_alias='x86_64-linux-gnu'
build_cpu='x86_64'
build_os='linux-gnu'
build_vendor='pc'
cmake_prefix_relpath='../../..'
datadir='${datarootdir}'
datarootdir='${prefix}/share'
docdir='${datarootdir}/doc/${PACKAGE_TARNAME}'
dvidir='${docdir}'
exec_prefix='${prefix}'
host='arm-unknown-linux-gnueabihf'
host_alias='arm-linux-gnueabihf'
host_cpu='arm'
host_os='linux-gnueabihf'
host_vendor='unknown'
htmldir='${docdir}'
includedir='${prefix}/include'
infodir='${datarootdir}/info'
install_sh='${SHELL} /root/workspace/SDL2_image-2.6.3/install-sh'
libdir='${exec_prefix}/lib'
libexecdir='${exec_prefix}/libexec'
localedir='${datarootdir}/locale'
localstatedir='${prefix}/var'
lt_ECHO='echo'
mandir='${datarootdir}/man'
mkdir_p='$(MKDIR_P)'
oldincludedir='/usr/include'
pdfdir='${docdir}'
prefix='/root/workspace/build'
program_transform_name='s,x,x,'
psdir='${docdir}'
runstatedir='${localstatedir}/run'
sbindir='${exec_prefix}/sbin'
sharedstatedir='${prefix}/com'
sysconfdir='${prefix}/etc'
target_alias=''

## ----------- ##
## confdefs.h. ##
## ----------- ##

/* confdefs.h */
#define PACKAGE_NAME "SDL2_image"
#define PACKAGE_TARNAME "SDL2_image"
#define PACKAGE_VERSION "2.6.3"
#define PACKAGE_STRING "SDL2_image 2.6.3"
#define PACKAGE_BUGREPORT "https://github.com/libsdl-org/SDL_image/issues"
#define PACKAGE_URL ""
#define STDC_HEADERS 1
#define HAVE_SYS_TYPES_H 1
#define HAVE_SYS_STAT_H 1
#define HAVE_STDLIB_H 1
#define HAVE_STRING_H 1
#define HAVE_MEMORY_H 1
#define HAVE_STRINGS_H 1
#define HAVE_INTTYPES_H 1
#define HAVE_STDINT_H 1
#define HAVE_UNISTD_H 1
#define HAVE_DLFCN_H 1
#define LT_OBJDIR ".libs/"
#define SDL_BUILD_MAJOR_VERSION 2
#define SDL_BUILD_MINOR_VERSION 6
#define SDL_BUILD_MICRO_VERSION 3
#define PACKAGE "SDL2_image"
#define VERSION "2.6.3"
#define USE_STBIMAGE 1
#define LOAD_JPG 1
#define LOAD_PNG 1
#define LOAD_BMP 1
#define LOAD_GIF 1
#define LOAD_LBM 1
#define LOAD_PCX 1
#define LOAD_PNM 1
#define LOAD_SVG 1
#define LOAD_TGA 1
#define LOAD_XCF 1
#define LOAD_XPM 1
#define LOAD_XV 1
#define LOAD_QOI 1
#define SDL_IMAGE_SAVE_PNG 1
#define SDL_IMAGE_SAVE_JPG 1

configure: exit 0
