This file contains any messages produced by compilers while
running configure, to aid debugging if configure makes a mistake.

It was created by SDL2_ttf configure 2.20.2, which was
generated by GNU Autoconf 2.69.  Invocation command line was

  $ ./configure CC=arm-linux-gnueabihf-gcc --host=arm-linux-gnueabihf --build=x86_64-linux-gnu --prefix=/root/workspace/build

## --------- ##
## Platform. ##
## --------- ##

hostname = ce6698212a92
uname -m = x86_64
uname -r = 5.15.133.1-microsoft-standard-WSL2
uname -s = Linux
uname -v = #1 SMP Thu Oct 5 21:02:42 UTC 2023

/usr/bin/uname -p = unknown
/bin/uname -X     = unknown

/bin/arch              = unknown
/usr/bin/arch -k       = unknown
/usr/convex/getsysinfo = unknown
/usr/bin/hostinfo      = unknown
/bin/machine           = unknown
/usr/bin/oslevel       = unknown
/bin/universe          = unknown

PATH: /opt/miyoomini-toolchain/usr/bin
PATH: /usr/local/sbin
PATH: /usr/local/bin
PATH: /usr/sbin
PATH: /usr/bin
PATH: /sbin
PATH: /bin
PATH: /opt/miyoomini-toolchain/usr/arm-linux-gnueabihf/sysroot/bin
PATH: /root/workspace/build/bin


## ----------- ##
## Core tests. ##
## ----------- ##

configure:2750: checking build system type
configure:2764: result: x86_64-pc-linux-gnu
configure:2784: checking host system type
configure:2797: result: arm-unknown-linux-gnueabihf
configure:2828: checking for arm-linux-gnueabihf-gcc
configure:2855: result: arm-linux-gnueabihf-gcc
configure:3124: checking for C compiler version
configure:3133: arm-linux-gnueabihf-gcc --version >&5
arm-linux-gnueabihf-gcc (GNU Toolchain for the A-profile Architecture 8.3-2019.03 (arm-rel-8.36)) 8.3.0
Copyright (C) 2018 Free Software Foundation, Inc.
This is free software; see the source for copying conditions.  There is NO
warranty; not even for MERCHANTABILITY or FITNESS FOR A PARTICULAR PURPOSE.

configure:3144: $? = 0
configure:3133: arm-linux-gnueabihf-gcc -v >&5
Using built-in specs.
COLLECT_GCC=arm-linux-gnueabihf-gcc
COLLECT_LTO_WRAPPER=/opt/miyoomini-toolchain/bin/../libexec/gcc/arm-linux-gnueabihf/8.3.0/lto-wrapper
Target: arm-linux-gnueabihf
Configured with: /tmp/dgboter/bbs/rhev-vm8--rhe6x86_64/buildbot/rhe6x86_64--arm-linux-gnueabihf/build/src/gcc/configure --target=arm-linux-gnueabihf --prefix= --with-sysroot=/arm-linux-gnueabihf/libc --with-build-sysroot=/tmp/dgboter/bbs/rhev-vm8--rhe6x86_64/buildbot/rhe6x86_64--arm-linux-gnueabihf/build/build-arm-linux-gnueabihf/install//arm-linux-gnueabihf/libc --with-bugurl=https://bugs.linaro.org/ --enable-gnu-indirect-function --enable-shared --disable-libssp --disable-libmudflap --enable-checking=release --enable-languages=c,c++,fortran --with-gmp=/tmp/dgboter/bbs/rhev-vm8--rhe6x86_64/buildbot/rhe6x86_64--arm-linux-gnueabihf/build/build-arm-linux-gnueabihf/host-tools --with-mpfr=/tmp/dgboter/bbs/rhev-vm8--rhe6x86_64/buildbot/rhe6x86_64--arm-linux-gnueabihf/build/build-arm-linux-gnueabihf/host-tools --with-mpc=/tmp/dgboter/bbs/rhev-vm8--rhe6x86_64/buildbot/rhe6x86_64--arm-linux-gnueabihf/build/build-arm-linux-gnueabihf/host-tools --with-isl=/tmp/dgboter/bbs/rhev-vm8--rhe6x86_64/buildbot/rhe6x86_64--arm-linux-gnueabihf/build/build-arm-linux-gnueabihf/host-tools --with-arch=armv7-a --with-fpu=neon --with-float=hard --with-arch=armv7-a --with-pkgversion='GNU Toolchain for the A-profile Architecture 8.3-2019.03 (arm-rel-8.36)'
Thread model: posix
gcc version 8.3.0 (GNU Toolchain for the A-profile Architecture 8.3-2019.03 (arm-rel-8.36)) 
configure:3144: $? = 0
configure:3133: arm-linux-gnueabihf-gcc -V >&5
arm-linux-gnueabihf-gcc: error: unrecognized command line option '-V'
arm-linux-gnueabihf-gcc: fatal error: no input files
compilation terminated.
configure:3144: $? = 1
configure:3133: arm-linux-gnueabihf-gcc -qversion >&5
arm-linux-gnueabihf-gcc: error: unrecognized command line option '-qversion'; did you mean '--version'?
arm-linux-gnueabihf-gcc: fatal error: no input files
compilation terminated.
configure:3144: $? = 1
configure:3164: checking whether the C compiler works
configure:3186: arm-linux-gnueabihf-gcc -Wno-undef -Os -marm -mtune=cortex-a7 -mfpu=neon-vfpv4 -march=armv7ve+simd -mfloat-abi=hard -ffunction-sections -fdata-sections -I/usr  -L/opt/miyoomini-toolchain/arm-linux-gnueabihf/libc/lib -L/usr/lib/arm-linux-gnueabihf/ conftest.c  >&5
configure:3190: $? = 0
configure:3238: result: yes
configure:3241: checking for C compiler default output file name
configure:3243: result: a.out
configure:3249: checking for suffix of executables
configure:3256: arm-linux-gnueabihf-gcc -o conftest -Wno-undef -Os -marm -mtune=cortex-a7 -mfpu=neon-vfpv4 -march=armv7ve+simd -mfloat-abi=hard -ffunction-sections -fdata-sections -I/usr  -L/opt/miyoomini-toolchain/arm-linux-gnueabihf/libc/lib -L/usr/lib/arm-linux-gnueabihf/ conftest.c  >&5
configure:3260: $? = 0
configure:3282: result: 
configure:3304: checking whether we are cross compiling
configure:3342: result: yes
configure:3347: checking for suffix of object files
configure:3369: arm-linux-gnueabihf-gcc -c -Wno-undef -Os -marm -mtune=cortex-a7 -mfpu=neon-vfpv4 -march=armv7ve+simd -mfloat-abi=hard -ffunction-sections -fdata-sections -I/usr  conftest.c >&5
configure:3373: $? = 0
configure:3394: result: o
configure:3398: checking whether we are using the GNU C compiler
configure:3417: arm-linux-gnueabihf-gcc -c -Wno-undef -Os -marm -mtune=cortex-a7 -mfpu=neon-vfpv4 -march=armv7ve+simd -mfloat-abi=hard -ffunction-sections -fdata-sections -I/usr  conftest.c >&5
configure:3417: $? = 0
configure:3426: result: yes
configure:3435: checking whether arm-linux-gnueabihf-gcc accepts -g
configure:3455: arm-linux-gnueabihf-gcc -c -g  conftest.c >&5
configure:3455: $? = 0
configure:3496: result: yes
configure:3513: checking for arm-linux-gnueabihf-gcc option to accept ISO C89
configure:3576: arm-linux-gnueabihf-gcc  -c -Wno-undef -Os -marm -mtune=cortex-a7 -mfpu=neon-vfpv4 -march=armv7ve+simd -mfloat-abi=hard -ffunction-sections -fdata-sections -I/usr  conftest.c >&5
configure:3576: $? = 0
configure:3589: result: none needed
configure:3614: checking whether arm-linux-gnueabihf-gcc understands -c and -o together
configure:3636: arm-linux-gnueabihf-gcc -c conftest.c -o conftest2.o
configure:3639: $? = 0
configure:3636: arm-linux-gnueabihf-gcc -c conftest.c -o conftest2.o
configure:3639: $? = 0
configure:3651: result: yes
configure:3668: checking for a sed that does not truncate output
configure:3732: result: /bin/sed
configure:3750: checking for grep that handles long lines and -e
configure:3808: result: /bin/grep
configure:3813: checking for egrep
configure:3875: result: /bin/grep -E
configure:3880: checking for fgrep
configure:3942: result: /bin/grep -F
configure:3977: checking for ld used by arm-linux-gnueabihf-gcc
configure:4044: result: arm-linux-gnueabihf-ld
configure:4051: checking if the linker (arm-linux-gnueabihf-ld) is GNU ld
configure:4066: result: yes
configure:4078: checking for BSD- or MS-compatible name lister (nm)
configure:4127: result: arm-linux-gnueabihf-nm
configure:4245: checking the name lister (arm-linux-gnueabihf-nm) interface
configure:4256: arm-linux-gnueabihf-gcc -c -Wno-undef -Os -marm -mtune=cortex-a7 -mfpu=neon-vfpv4 -march=armv7ve+simd -mfloat-abi=hard -ffunction-sections -fdata-sections -I/usr  conftest.c >&5
configure:4259: arm-linux-gnueabihf-nm "conftest.o"
configure:4262: output
00000000 B some_variable
configure:4259: result: BSD nm
configure:4262: checking whether ln -s works
configure:4266: result: yes
configure:4274: checking the maximum length of command line arguments
configure:4400: result: 1572864
configure:4417: checking whether the shell understands some XSI constructs
configure:4426: result: yes
configure:4430: checking whether the shell understands "+="
configure:4434: result: yes
configure:4469: checking for arm-linux-gnueabihf-ld option to reload object files
configure:4476: result: -r
configure:4505: checking for arm-linux-gnueabihf-objdump
configure:4521: found /opt/miyoomini-toolchain/usr/bin/arm-linux-gnueabihf-objdump
configure:4532: result: arm-linux-gnueabihf-objdump
configure:4601: checking how to recognize dependent libraries
configure:4802: result: pass_all
configure:4822: checking for arm-linux-gnueabihf-ar
configure:4849: result: arm-linux-gnueabihf-ar
configure:4927: checking for arm-linux-gnueabihf-strip
configure:4943: found /opt/miyoomini-toolchain/usr/bin/arm-linux-gnueabihf-strip
configure:4954: result: arm-linux-gnueabihf-strip
configure:5026: checking for arm-linux-gnueabihf-ranlib
configure:5053: result: arm-linux-gnueabihf-ranlib
configure:5183: checking command to parse arm-linux-gnueabihf-nm output from arm-linux-gnueabihf-gcc object
configure:5301: arm-linux-gnueabihf-gcc -c -Wno-undef -Os -marm -mtune=cortex-a7 -mfpu=neon-vfpv4 -march=armv7ve+simd -mfloat-abi=hard -ffunction-sections -fdata-sections -I/usr  conftest.c >&5
configure:5304: $? = 0
configure:5308: arm-linux-gnueabihf-nm conftest.o \| sed -n -e 's/^.*[	 ]\([ABCDGIRSTW][ABCDGIRSTW]*\)[	 ][	 ]*\([_A-Za-z][_A-Za-z0-9]*\)$/\1 \2 \2/p' \> conftest.nm
configure:5311: $? = 0
configure:5365: arm-linux-gnueabihf-gcc -o conftest -Wno-undef -Os -marm -mtune=cortex-a7 -mfpu=neon-vfpv4 -march=armv7ve+simd -mfloat-abi=hard -ffunction-sections -fdata-sections -I/usr  -L/opt/miyoomini-toolchain/arm-linux-gnueabihf/libc/lib -L/usr/lib/arm-linux-gnueabihf/ conftest.c conftstm.o >&5
configure:5368: $? = 0
configure:5406: result: ok
configure:6213: checking how to run the C preprocessor
configure:6244: arm-linux-gnueabihf-gcc -E  conftest.c
configure:6244: $? = 0
configure:6258: arm-linux-gnueabihf-gcc -E  conftest.c
conftest.c:9:10: fatal error: ac_nonexistent.h: No such file or directory
 #include <ac_nonexistent.h>
          ^~~~~~~~~~~~~~~~~~
compilation terminated.
configure:6258: $? = 1
configure: failed program was:
| /* confdefs.h */
| #define PACKAGE_NAME "SDL2_ttf"
| #define PACKAGE_TARNAME "SDL2_ttf"
| #define PACKAGE_VERSION "2.20.2"
| #define PACKAGE_STRING "SDL2_ttf 2.20.2"
| #define PACKAGE_BUGREPORT "https://github.com/libsdl-org/SDL_ttf/issues"
| #define PACKAGE_URL ""
| /* end confdefs.h.  */
| #include <ac_nonexistent.h>
configure:6283: result: arm-linux-gnueabihf-gcc -E
configure:6303: arm-linux-gnueabihf-gcc -E  conftest.c
configure:6303: $? = 0
configure:6317: arm-linux-gnueabihf-gcc -E  conftest.c
conftest.c:9:10: fatal error: ac_nonexistent.h: No such file or directory
 #include <ac_nonexistent.h>
          ^~~~~~~~~~~~~~~~~~
compilation terminated.
configure:6317: $? = 1
configure: failed program was:
| /* confdefs.h */
| #define PACKAGE_NAME "SDL2_ttf"
| #define PACKAGE_TARNAME "SDL2_ttf"
| #define PACKAGE_VERSION "2.20.2"
| #define PACKAGE_STRING "SDL2_ttf 2.20.2"
| #define PACKAGE_BUGREPORT "https://github.com/libsdl-org/SDL_ttf/issues"
| #define PACKAGE_URL ""
| /* end confdefs.h.  */
| #include <ac_nonexistent.h>
configure:6346: checking for ANSI C header files
configure:6366: arm-linux-gnueabihf-gcc -c -Wno-undef -Os -marm -mtune=cortex-a7 -mfpu=neon-vfpv4 -march=armv7ve+simd -mfloat-abi=hard -ffunction-sections -fdata-sections -I/usr  conftest.c >&5
configure:6366: $? = 0
configure:6450: result: yes
configure:6463: checking for sys/types.h
configure:6463: arm-linux-gnueabihf-gcc -c -Wno-undef -Os -marm -mtune=cortex-a7 -mfpu=neon-vfpv4 -march=armv7ve+simd -mfloat-abi=hard -ffunction-sections -fdata-sections -I/usr  conftest.c >&5
configure:6463: $? = 0
configure:6463: result: yes
configure:6463: checking for sys/stat.h
configure:6463: arm-linux-gnueabihf-gcc -c -Wno-undef -Os -marm -mtune=cortex-a7 -mfpu=neon-vfpv4 -march=armv7ve+simd -mfloat-abi=hard -ffunction-sections -fdata-sections -I/usr  conftest.c >&5
configure:6463: $? = 0
configure:6463: result: yes
configure:6463: checking for stdlib.h
configure:6463: arm-linux-gnueabihf-gcc -c -Wno-undef -Os -marm -mtune=cortex-a7 -mfpu=neon-vfpv4 -march=armv7ve+simd -mfloat-abi=hard -ffunction-sections -fdata-sections -I/usr  conftest.c >&5
configure:6463: $? = 0
configure:6463: result: yes
configure:6463: checking for string.h
configure:6463: arm-linux-gnueabihf-gcc -c -Wno-undef -Os -marm -mtune=cortex-a7 -mfpu=neon-vfpv4 -march=armv7ve+simd -mfloat-abi=hard -ffunction-sections -fdata-sections -I/usr  conftest.c >&5
configure:6463: $? = 0
configure:6463: result: yes
configure:6463: checking for memory.h
configure:6463: arm-linux-gnueabihf-gcc -c -Wno-undef -Os -marm -mtune=cortex-a7 -mfpu=neon-vfpv4 -march=armv7ve+simd -mfloat-abi=hard -ffunction-sections -fdata-sections -I/usr  conftest.c >&5
configure:6463: $? = 0
configure:6463: result: yes
configure:6463: checking for strings.h
configure:6463: arm-linux-gnueabihf-gcc -c -Wno-undef -Os -marm -mtune=cortex-a7 -mfpu=neon-vfpv4 -march=armv7ve+simd -mfloat-abi=hard -ffunction-sections -fdata-sections -I/usr  conftest.c >&5
configure:6463: $? = 0
configure:6463: result: yes
configure:6463: checking for inttypes.h
configure:6463: arm-linux-gnueabihf-gcc -c -Wno-undef -Os -marm -mtune=cortex-a7 -mfpu=neon-vfpv4 -march=armv7ve+simd -mfloat-abi=hard -ffunction-sections -fdata-sections -I/usr  conftest.c >&5
configure:6463: $? = 0
configure:6463: result: yes
configure:6463: checking for stdint.h
configure:6463: arm-linux-gnueabihf-gcc -c -Wno-undef -Os -marm -mtune=cortex-a7 -mfpu=neon-vfpv4 -march=armv7ve+simd -mfloat-abi=hard -ffunction-sections -fdata-sections -I/usr  conftest.c >&5
configure:6463: $? = 0
configure:6463: result: yes
configure:6463: checking for unistd.h
configure:6463: arm-linux-gnueabihf-gcc -c -Wno-undef -Os -marm -mtune=cortex-a7 -mfpu=neon-vfpv4 -march=armv7ve+simd -mfloat-abi=hard -ffunction-sections -fdata-sections -I/usr  conftest.c >&5
configure:6463: $? = 0
configure:6463: result: yes
configure:6477: checking for dlfcn.h
configure:6477: arm-linux-gnueabihf-gcc -c -Wno-undef -Os -marm -mtune=cortex-a7 -mfpu=neon-vfpv4 -march=armv7ve+simd -mfloat-abi=hard -ffunction-sections -fdata-sections -I/usr  conftest.c >&5
configure:6477: $? = 0
configure:6477: result: yes
configure:6959: checking for objdir
configure:6974: result: .libs
configure:7270: checking if arm-linux-gnueabihf-gcc supports -fno-rtti -fno-exceptions
configure:7301: arm-linux-gnueabihf-gcc -c -Wno-undef -Os -marm -mtune=cortex-a7 -mfpu=neon-vfpv4 -march=armv7ve+simd -mfloat-abi=hard -ffunction-sections -fdata-sections -I/usr  -fno-rtti -fno-exceptions conftest.c >&5
cc1: warning: command line option '-fno-rtti' is valid for C++/ObjC++ but not for C
configure:7305: $? = 0
configure:7305: result: no
configure:7325: checking for arm-linux-gnueabihf-gcc option to produce PIC
configure:7607: result: -fPIC -DPIC
configure:7619: checking if arm-linux-gnueabihf-gcc PIC flag -fPIC -DPIC works
configure:7650: arm-linux-gnueabihf-gcc -c -Wno-undef -Os -marm -mtune=cortex-a7 -mfpu=neon-vfpv4 -march=armv7ve+simd -mfloat-abi=hard -ffunction-sections -fdata-sections -I/usr  -fPIC -DPIC -DPIC conftest.c >&5
configure:7654: $? = 0
configure:7654: result: yes
configure:7678: checking if arm-linux-gnueabihf-gcc static flag -static works
configure:7706: result: yes
configure:7721: checking if arm-linux-gnueabihf-gcc supports -c -o file.o
configure:7755: arm-linux-gnueabihf-gcc -c -Wno-undef -Os -marm -mtune=cortex-a7 -mfpu=neon-vfpv4 -march=armv7ve+simd -mfloat-abi=hard -ffunction-sections -fdata-sections -I/usr  -o out/conftest2.o conftest.c >&5
configure:7759: $? = 0
configure:7768: result: yes
configure:7776: checking if arm-linux-gnueabihf-gcc supports -c -o file.o
configure:7823: result: yes
configure:7856: checking whether the arm-linux-gnueabihf-gcc linker (arm-linux-gnueabihf-ld) supports shared libraries
configure:8887: result: yes
configure:8924: checking whether -lc should be explicitly linked in
configure:8929: arm-linux-gnueabihf-gcc -c -Wno-undef -Os -marm -mtune=cortex-a7 -mfpu=neon-vfpv4 -march=armv7ve+simd -mfloat-abi=hard -ffunction-sections -fdata-sections -I/usr  conftest.c >&5
configure:8932: $? = 0
configure:8947: arm-linux-gnueabihf-gcc -shared conftest.o  -v -Wl,-soname -Wl,conftest -o conftest 2\>\&1 \| /bin/grep  -lc  \>/dev/null 2\>\&1
configure:8950: $? = 0
configure:8962: result: no
configure:9126: checking dynamic linker characteristics
configure:9557: arm-linux-gnueabihf-gcc -o conftest -Wno-undef -Os -marm -mtune=cortex-a7 -mfpu=neon-vfpv4 -march=armv7ve+simd -mfloat-abi=hard -ffunction-sections -fdata-sections -I/usr  -L/opt/miyoomini-toolchain/arm-linux-gnueabihf/libc/lib -L/usr/lib/arm-linux-gnueabihf/ -Wl,-rpath -Wl,/foo conftest.c  >&5
configure:9557: $? = 0
configure:9800: result: GNU/Linux ld.so
configure:9902: checking how to hardcode library paths into programs
configure:9927: result: immediate
configure:10447: checking whether stripping libraries is possible
configure:10452: result: yes
configure:10487: checking if libtool supports shared libraries
configure:10489: result: yes
configure:10492: checking whether to build shared libraries
configure:10513: result: yes
configure:10516: checking whether to build static libraries
configure:10520: result: yes
configure:7828: checking for a BSD-compatible install
configure:7896: result: /usr/bin/install -c
configure:7907: checking whether build environment is sane
configure:7962: result: yes
configure:8016: checking for arm-linux-gnueabihf-strip
configure:8043: result: arm-linux-gnueabihf-strip
configure:8108: checking for a thread-safe mkdir -p
configure:8147: result: /bin/mkdir -p
configure:8154: checking for gawk
configure:8184: result: no
configure:8154: checking for mawk
configure:8170: found /usr/bin/mawk
configure:8181: result: mawk
configure:8192: checking whether make sets $(MAKE)
configure:8214: result: yes
configure:8236: checking whether make supports the include directive
configure:8251: make -f confmf.GNU && cat confinc.out
this is the am__doit target
configure:8254: $? = 0
configure:8273: result: yes (GNU style)
configure:8306: checking whether make supports nested variables
configure:8323: result: yes
configure:8412: checking whether UID '0' is supported by ustar format
configure:8418: result: yes
configure:8425: checking whether GID '0' is supported by ustar format
configure:8431: result: yes
configure:8439: checking how to create a ustar tar archive
configure:8450: tar --version
tar (GNU tar) 1.30
Copyright (C) 2017 Free Software Foundation, Inc.
License GPLv3+: GNU GPL version 3 or later <https://gnu.org/licenses/gpl.html>.
This is free software: you are free to change and redistribute it.
There is NO WARRANTY, to the extent permitted by law.

Written by John Gilmore and Jay Fenlason.
configure:8453: $? = 0
configure:8493: tardir=conftest.dir && eval tar --format=ustar -cf - "$tardir" >conftest.tar
configure:8496: $? = 0
configure:8500: tar -xf - <conftest.tar
configure:8503: $? = 0
configure:8505: cat conftest.dir/file
GrepMe
configure:8508: $? = 0
configure:8521: result: gnutar
configure:8530: checking dependency style of arm-linux-gnueabihf-gcc
configure:8641: result: gcc3
configure:8708: checking for arm-linux-gnueabihf-gcc
configure:8735: result: arm-linux-gnueabihf-gcc
configure:9004: checking for C compiler version
configure:9013: arm-linux-gnueabihf-gcc --version >&5
arm-linux-gnueabihf-gcc (GNU Toolchain for the A-profile Architecture 8.3-2019.03 (arm-rel-8.36)) 8.3.0
Copyright (C) 2018 Free Software Foundation, Inc.
This is free software; see the source for copying conditions.  There is NO
warranty; not even for MERCHANTABILITY or FITNESS FOR A PARTICULAR PURPOSE.

configure:9024: $? = 0
configure:9013: arm-linux-gnueabihf-gcc -v >&5
Using built-in specs.
COLLECT_GCC=arm-linux-gnueabihf-gcc
COLLECT_LTO_WRAPPER=/opt/miyoomini-toolchain/bin/../libexec/gcc/arm-linux-gnueabihf/8.3.0/lto-wrapper
Target: arm-linux-gnueabihf
Configured with: /tmp/dgboter/bbs/rhev-vm8--rhe6x86_64/buildbot/rhe6x86_64--arm-linux-gnueabihf/build/src/gcc/configure --target=arm-linux-gnueabihf --prefix= --with-sysroot=/arm-linux-gnueabihf/libc --with-build-sysroot=/tmp/dgboter/bbs/rhev-vm8--rhe6x86_64/buildbot/rhe6x86_64--arm-linux-gnueabihf/build/build-arm-linux-gnueabihf/install//arm-linux-gnueabihf/libc --with-bugurl=https://bugs.linaro.org/ --enable-gnu-indirect-function --enable-shared --disable-libssp --disable-libmudflap --enable-checking=release --enable-languages=c,c++,fortran --with-gmp=/tmp/dgboter/bbs/rhev-vm8--rhe6x86_64/buildbot/rhe6x86_64--arm-linux-gnueabihf/build/build-arm-linux-gnueabihf/host-tools --with-mpfr=/tmp/dgboter/bbs/rhev-vm8--rhe6x86_64/buildbot/rhe6x86_64--arm-linux-gnueabihf/build/build-arm-linux-gnueabihf/host-tools --with-mpc=/tmp/dgboter/bbs/rhev-vm8--rhe6x86_64/buildbot/rhe6x86_64--arm-linux-gnueabihf/build/build-arm-linux-gnueabihf/host-tools --with-isl=/tmp/dgboter/bbs/rhev-vm8--rhe6x86_64/buildbot/rhe6x86_64--arm-linux-gnueabihf/build/build-arm-linux-gnueabihf/host-tools --with-arch=armv7-a --with-fpu=neon --with-float=hard --with-arch=armv7-a --with-pkgversion='GNU Toolchain for the A-profile Architecture 8.3-2019.03 (arm-rel-8.36)'
Thread model: posix
gcc version 8.3.0 (GNU Toolchain for the A-profile Architecture 8.3-2019.03 (arm-rel-8.36)) 
configure:9024: $? = 0
configure:9013: arm-linux-gnueabihf-gcc -V >&5
arm-linux-gnueabihf-gcc: error: unrecognized command line option '-V'
arm-linux-gnueabihf-gcc: fatal error: no input files
compilation terminated.
configure:9024: $? = 1
configure:9013: arm-linux-gnueabihf-gcc -qversion >&5
arm-linux-gnueabihf-gcc: error: unrecognized command line option '-qversion'; did you mean '--version'?
arm-linux-gnueabihf-gcc: fatal error: no input files
compilation terminated.
configure:9024: $? = 1
configure:9028: checking whether we are using the GNU C compiler
configure:9056: result: yes
configure:9065: checking whether arm-linux-gnueabihf-gcc accepts -g
configure:9126: result: yes
configure:9143: checking for arm-linux-gnueabihf-gcc option to accept ISO C89
configure:9219: result: none needed
configure:9244: checking whether arm-linux-gnueabihf-gcc understands -c and -o together
configure:9281: result: yes
configure:9312: checking for arm-linux-gnueabihf-g++
configure:9328: found /opt/miyoomini-toolchain/usr/bin/arm-linux-gnueabihf-g++
configure:9339: result: arm-linux-gnueabihf-g++
configure:9410: checking for C++ compiler version
configure:9419: arm-linux-gnueabihf-g++ --version >&5
arm-linux-gnueabihf-g++ (GNU Toolchain for the A-profile Architecture 8.3-2019.03 (arm-rel-8.36)) 8.3.0
Copyright (C) 2018 Free Software Foundation, Inc.
This is free software; see the source for copying conditions.  There is NO
warranty; not even for MERCHANTABILITY or FITNESS FOR A PARTICULAR PURPOSE.

configure:9430: $? = 0
configure:9419: arm-linux-gnueabihf-g++ -v >&5
Using built-in specs.
COLLECT_GCC=arm-linux-gnueabihf-g++
COLLECT_LTO_WRAPPER=/opt/miyoomini-toolchain/bin/../libexec/gcc/arm-linux-gnueabihf/8.3.0/lto-wrapper
Target: arm-linux-gnueabihf
Configured with: /tmp/dgboter/bbs/rhev-vm8--rhe6x86_64/buildbot/rhe6x86_64--arm-linux-gnueabihf/build/src/gcc/configure --target=arm-linux-gnueabihf --prefix= --with-sysroot=/arm-linux-gnueabihf/libc --with-build-sysroot=/tmp/dgboter/bbs/rhev-vm8--rhe6x86_64/buildbot/rhe6x86_64--arm-linux-gnueabihf/build/build-arm-linux-gnueabihf/install//arm-linux-gnueabihf/libc --with-bugurl=https://bugs.linaro.org/ --enable-gnu-indirect-function --enable-shared --disable-libssp --disable-libmudflap --enable-checking=release --enable-languages=c,c++,fortran --with-gmp=/tmp/dgboter/bbs/rhev-vm8--rhe6x86_64/buildbot/rhe6x86_64--arm-linux-gnueabihf/build/build-arm-linux-gnueabihf/host-tools --with-mpfr=/tmp/dgboter/bbs/rhev-vm8--rhe6x86_64/buildbot/rhe6x86_64--arm-linux-gnueabihf/build/build-arm-linux-gnueabihf/host-tools --with-mpc=/tmp/dgboter/bbs/rhev-vm8--rhe6x86_64/buildbot/rhe6x86_64--arm-linux-gnueabihf/build/build-arm-linux-gnueabihf/host-tools --with-isl=/tmp/dgboter/bbs/rhev-vm8--rhe6x86_64/buildbot/rhe6x86_64--arm-linux-gnueabihf/build/build-arm-linux-gnueabihf/host-tools --with-arch=armv7-a --with-fpu=neon --with-float=hard --with-arch=armv7-a --with-pkgversion='GNU Toolchain for the A-profile Architecture 8.3-2019.03 (arm-rel-8.36)'
Thread model: posix
gcc version 8.3.0 (GNU Toolchain for the A-profile Architecture 8.3-2019.03 (arm-rel-8.36)) 
configure:9430: $? = 0
configure:9419: arm-linux-gnueabihf-g++ -V >&5
arm-linux-gnueabihf-g++: error: unrecognized command line option '-V'
arm-linux-gnueabihf-g++: fatal error: no input files
compilation terminated.
configure:9430: $? = 1
configure:9419: arm-linux-gnueabihf-g++ -qversion >&5
arm-linux-gnueabihf-g++: error: unrecognized command line option '-qversion'; did you mean '--version'?
arm-linux-gnueabihf-g++: fatal error: no input files
compilation terminated.
configure:9430: $? = 1
configure:9434: checking whether we are using the GNU C++ compiler
configure:9453: arm-linux-gnueabihf-g++ -c -s -O3 -fPIC -pthread  conftest.cpp >&5
configure:9453: $? = 0
configure:9462: result: yes
configure:9471: checking whether arm-linux-gnueabihf-g++ accepts -g
configure:9491: arm-linux-gnueabihf-g++ -c -g  conftest.cpp >&5
configure:9491: $? = 0
configure:9532: result: yes
configure:9668: checking for C++ compiler version
configure:9677: arm-linux-gnueabihf-g++ --version >&5
arm-linux-gnueabihf-g++ (GNU Toolchain for the A-profile Architecture 8.3-2019.03 (arm-rel-8.36)) 8.3.0
Copyright (C) 2018 Free Software Foundation, Inc.
This is free software; see the source for copying conditions.  There is NO
warranty; not even for MERCHANTABILITY or FITNESS FOR A PARTICULAR PURPOSE.

configure:9688: $? = 0
configure:9677: arm-linux-gnueabihf-g++ -v >&5
Using built-in specs.
COLLECT_GCC=arm-linux-gnueabihf-g++
COLLECT_LTO_WRAPPER=/opt/miyoomini-toolchain/bin/../libexec/gcc/arm-linux-gnueabihf/8.3.0/lto-wrapper
Target: arm-linux-gnueabihf
Configured with: /tmp/dgboter/bbs/rhev-vm8--rhe6x86_64/buildbot/rhe6x86_64--arm-linux-gnueabihf/build/src/gcc/configure --target=arm-linux-gnueabihf --prefix= --with-sysroot=/arm-linux-gnueabihf/libc --with-build-sysroot=/tmp/dgboter/bbs/rhev-vm8--rhe6x86_64/buildbot/rhe6x86_64--arm-linux-gnueabihf/build/build-arm-linux-gnueabihf/install//arm-linux-gnueabihf/libc --with-bugurl=https://bugs.linaro.org/ --enable-gnu-indirect-function --enable-shared --disable-libssp --disable-libmudflap --enable-checking=release --enable-languages=c,c++,fortran --with-gmp=/tmp/dgboter/bbs/rhev-vm8--rhe6x86_64/buildbot/rhe6x86_64--arm-linux-gnueabihf/build/build-arm-linux-gnueabihf/host-tools --with-mpfr=/tmp/dgboter/bbs/rhev-vm8--rhe6x86_64/buildbot/rhe6x86_64--arm-linux-gnueabihf/build/build-arm-linux-gnueabihf/host-tools --with-mpc=/tmp/dgboter/bbs/rhev-vm8--rhe6x86_64/buildbot/rhe6x86_64--arm-linux-gnueabihf/build/build-arm-linux-gnueabihf/host-tools --with-isl=/tmp/dgboter/bbs/rhev-vm8--rhe6x86_64/buildbot/rhe6x86_64--arm-linux-gnueabihf/build/build-arm-linux-gnueabihf/host-tools --with-arch=armv7-a --with-fpu=neon --with-float=hard --with-arch=armv7-a --with-pkgversion='GNU Toolchain for the A-profile Architecture 8.3-2019.03 (arm-rel-8.36)'
Thread model: posix
gcc version 8.3.0 (GNU Toolchain for the A-profile Architecture 8.3-2019.03 (arm-rel-8.36)) 
configure:9688: $? = 0
configure:9677: arm-linux-gnueabihf-g++ -V >&5
arm-linux-gnueabihf-g++: error: unrecognized command line option '-V'
arm-linux-gnueabihf-g++: fatal error: no input files
compilation terminated.
configure:9688: $? = 1
configure:9677: arm-linux-gnueabihf-g++ -qversion >&5
arm-linux-gnueabihf-g++: error: unrecognized command line option '-qversion'; did you mean '--version'?
arm-linux-gnueabihf-g++: fatal error: no input files
compilation terminated.
configure:9688: $? = 1
configure:9692: checking whether we are using the GNU C++ compiler
configure:9720: result: yes
configure:9729: checking whether arm-linux-gnueabihf-g++ accepts -g
configure:9790: result: yes
configure:9815: checking dependency style of arm-linux-gnueabihf-g++
configure:9926: result: gcc3
configure:9949: checking how to run the C++ preprocessor
configure:9976: arm-linux-gnueabihf-g++ -E  conftest.cpp
configure:9976: $? = 0
configure:9990: arm-linux-gnueabihf-g++ -E  conftest.cpp
conftest.cpp:26:10: fatal error: ac_nonexistent.h: No such file or directory
 #include <ac_nonexistent.h>
          ^~~~~~~~~~~~~~~~~~
compilation terminated.
configure:9990: $? = 1
configure: failed program was:
| /* confdefs.h */
| #define PACKAGE_NAME "SDL2_ttf"
| #define PACKAGE_TARNAME "SDL2_ttf"
| #define PACKAGE_VERSION "2.20.2"
| #define PACKAGE_STRING "SDL2_ttf 2.20.2"
| #define PACKAGE_BUGREPORT "https://github.com/libsdl-org/SDL_ttf/issues"
| #define PACKAGE_URL ""
| #define STDC_HEADERS 1
| #define HAVE_SYS_TYPES_H 1
| #define HAVE_SYS_STAT_H 1
| #define HAVE_STDLIB_H 1
| #define HAVE_STRING_H 1
| #define HAVE_MEMORY_H 1
| #define HAVE_STRINGS_H 1
| #define HAVE_INTTYPES_H 1
| #define HAVE_STDINT_H 1
| #define HAVE_UNISTD_H 1
| #define HAVE_DLFCN_H 1
| #define LT_OBJDIR ".libs/"
| #define SDL_BUILD_MAJOR_VERSION 2
| #define SDL_BUILD_MINOR_VERSION 20
| #define SDL_BUILD_MICRO_VERSION 2
| #define PACKAGE "SDL2_ttf"
| #define VERSION "2.20.2"
| /* end confdefs.h.  */
| #include <ac_nonexistent.h>
configure:10015: result: arm-linux-gnueabihf-g++ -E
configure:10035: arm-linux-gnueabihf-g++ -E  conftest.cpp
configure:10035: $? = 0
configure:10049: arm-linux-gnueabihf-g++ -E  conftest.cpp
conftest.cpp:26:10: fatal error: ac_nonexistent.h: No such file or directory
 #include <ac_nonexistent.h>
          ^~~~~~~~~~~~~~~~~~
compilation terminated.
configure:10049: $? = 1
configure: failed program was:
| /* confdefs.h */
| #define PACKAGE_NAME "SDL2_ttf"
| #define PACKAGE_TARNAME "SDL2_ttf"
| #define PACKAGE_VERSION "2.20.2"
| #define PACKAGE_STRING "SDL2_ttf 2.20.2"
| #define PACKAGE_BUGREPORT "https://github.com/libsdl-org/SDL_ttf/issues"
| #define PACKAGE_URL ""
| #define STDC_HEADERS 1
| #define HAVE_SYS_TYPES_H 1
| #define HAVE_SYS_STAT_H 1
| #define HAVE_STDLIB_H 1
| #define HAVE_STRING_H 1
| #define HAVE_MEMORY_H 1
| #define HAVE_STRINGS_H 1
| #define HAVE_INTTYPES_H 1
| #define HAVE_STDINT_H 1
| #define HAVE_UNISTD_H 1
| #define HAVE_DLFCN_H 1
| #define LT_OBJDIR ".libs/"
| #define SDL_BUILD_MAJOR_VERSION 2
| #define SDL_BUILD_MINOR_VERSION 20
| #define SDL_BUILD_MICRO_VERSION 2
| #define PACKAGE "SDL2_ttf"
| #define VERSION "2.20.2"
| /* end confdefs.h.  */
| #include <ac_nonexistent.h>
configure:10217: checking for ld used by arm-linux-gnueabihf-g++
configure:10284: result: arm-linux-gnueabihf-ld
configure:10291: checking if the linker (arm-linux-gnueabihf-ld) is GNU ld
configure:10306: result: yes
configure:10361: checking whether the arm-linux-gnueabihf-g++ linker (arm-linux-gnueabihf-ld) supports shared libraries
configure:11302: result: yes
configure:11330: arm-linux-gnueabihf-g++ -c -s -O3 -fPIC -pthread  conftest.cpp >&5
configure:11333: $? = 0
configure:11515: checking for arm-linux-gnueabihf-g++ option to produce PIC
configure:11837: result: -fPIC -DPIC
configure:11846: checking if arm-linux-gnueabihf-g++ PIC flag -fPIC -DPIC works
configure:14662: arm-linux-gnueabihf-g++ -c -s -O3 -fPIC -pthread  -fPIC -DPIC -DPIC conftest.cpp >&5
configure:14666: $? = 0
configure:11881: result: yes
configure:11902: checking if arm-linux-gnueabihf-g++ static flag -static works
configure:11930: result: yes
configure:11942: checking if arm-linux-gnueabihf-g++ supports -c -o file.o
configure:14761: arm-linux-gnueabihf-g++ -c -s -O3 -fPIC -pthread  -o out/conftest2.o conftest.cpp >&5
configure:14765: $? = 0
configure:11989: result: yes
configure:11994: checking if arm-linux-gnueabihf-g++ supports -c -o file.o
configure:12041: result: yes
configure:12071: checking whether the arm-linux-gnueabihf-g++ linker (arm-linux-gnueabihf-ld) supports shared libraries
configure:12097: result: yes
configure:12234: checking dynamic linker characteristics
configure:12613: arm-linux-gnueabihf-g++ -o conftest -s -O3 -fPIC -pthread  -L/opt/miyoomini-toolchain/arm-linux-gnueabihf/libc/lib -L/usr/lib/arm-linux-gnueabihf/ -Wl,-rpath -Wl,/foo conftest.cpp  >&5
configure:12613: $? = 0
configure:12856: result: GNU/Linux ld.so
configure:12907: checking how to hardcode library paths into programs
configure:12932: result: immediate
configure:11975: checking dependency style of arm-linux-gnueabihf-g++
configure:12086: result: gcc3
configure:12104: checking for arm-linux-gnueabihf-windres
configure:12134: result: no
configure:12144: checking for windres
configure:12174: result: no
configure:12200: checking for special C compiler options needed for large files
configure:12245: result: no
configure:12251: checking for _FILE_OFFSET_BITS value needed for large files
configure:12276: arm-linux-gnueabihf-gcc -c -Wno-undef -Os -marm -mtune=cortex-a7 -mfpu=neon-vfpv4 -march=armv7ve+simd -mfloat-abi=hard -ffunction-sections -fdata-sections -I/usr  conftest.c >&5
conftest.c:31:41: warning: result of '-2147483648 << 31' requires 63 bits to represent, but 'long int' only has 32 bits [-Wshift-overflow=]
 #define LARGE_OFF_T ((((off_t) 1 << 31) << 31) - 1 + (((off_t) 1 << 31) << 31))
                                         ^~
conftest.c:32:23: note: in expansion of macro 'LARGE_OFF_T'
   int off_t_is_large[(LARGE_OFF_T % 2147483629 == 721
                       ^~~~~~~~~~~
conftest.c:31:73: warning: result of '-2147483648 << 31' requires 63 bits to represent, but 'long int' only has 32 bits [-Wshift-overflow=]
 #define LARGE_OFF_T ((((off_t) 1 << 31) << 31) - 1 + (((off_t) 1 << 31) << 31))
                                                                         ^~
conftest.c:32:23: note: in expansion of macro 'LARGE_OFF_T'
   int off_t_is_large[(LARGE_OFF_T % 2147483629 == 721
                       ^~~~~~~~~~~
conftest.c:31:41: warning: result of '-2147483648 << 31' requires 63 bits to represent, but 'long int' only has 32 bits [-Wshift-overflow=]
 #define LARGE_OFF_T ((((off_t) 1 << 31) << 31) - 1 + (((off_t) 1 << 31) << 31))
                                         ^~
conftest.c:33:13: note: in expansion of macro 'LARGE_OFF_T'
          && LARGE_OFF_T % 2147483647 == 1)
             ^~~~~~~~~~~
conftest.c:31:73: warning: result of '-2147483648 << 31' requires 63 bits to represent, but 'long int' only has 32 bits [-Wshift-overflow=]
 #define LARGE_OFF_T ((((off_t) 1 << 31) << 31) - 1 + (((off_t) 1 << 31) << 31))
                                                                         ^~
conftest.c:33:13: note: in expansion of macro 'LARGE_OFF_T'
          && LARGE_OFF_T % 2147483647 == 1)
             ^~~~~~~~~~~
conftest.c:32:7: error: variably modified 'off_t_is_large' at file scope
   int off_t_is_large[(LARGE_OFF_T % 2147483629 == 721
       ^~~~~~~~~~~~~~
configure:12276: $? = 1
configure: failed program was:
| /* confdefs.h */
| #define PACKAGE_NAME "SDL2_ttf"
| #define PACKAGE_TARNAME "SDL2_ttf"
| #define PACKAGE_VERSION "2.20.2"
| #define PACKAGE_STRING "SDL2_ttf 2.20.2"
| #define PACKAGE_BUGREPORT "https://github.com/libsdl-org/SDL_ttf/issues"
| #define PACKAGE_URL ""
| #define STDC_HEADERS 1
| #define HAVE_SYS_TYPES_H 1
| #define HAVE_SYS_STAT_H 1
| #define HAVE_STDLIB_H 1
| #define HAVE_STRING_H 1
| #define HAVE_MEMORY_H 1
| #define HAVE_STRINGS_H 1
| #define HAVE_INTTYPES_H 1
| #define HAVE_STDINT_H 1
| #define HAVE_UNISTD_H 1
| #define HAVE_DLFCN_H 1
| #define LT_OBJDIR ".libs/"
| #define SDL_BUILD_MAJOR_VERSION 2
| #define SDL_BUILD_MINOR_VERSION 20
| #define SDL_BUILD_MICRO_VERSION 2
| #define PACKAGE "SDL2_ttf"
| #define VERSION "2.20.2"
| /* end confdefs.h.  */
| #include <sys/types.h>
|  /* Check that off_t can represent 2**63 - 1 correctly.
|     We can't simply define LARGE_OFF_T to be 9223372036854775807,
|     since some C++ compilers masquerading as C compilers
|     incorrectly reject 9223372036854775807.  */
| #define LARGE_OFF_T ((((off_t) 1 << 31) << 31) - 1 + (((off_t) 1 << 31) << 31))
|   int off_t_is_large[(LARGE_OFF_T % 2147483629 == 721
| 		       && LARGE_OFF_T % 2147483647 == 1)
| 		      ? 1 : -1];
| int
| main ()
| {
| 
|   ;
|   return 0;
| }
configure:12300: arm-linux-gnueabihf-gcc -c -Wno-undef -Os -marm -mtune=cortex-a7 -mfpu=neon-vfpv4 -march=armv7ve+simd -mfloat-abi=hard -ffunction-sections -fdata-sections -I/usr  conftest.c >&5
configure:12300: $? = 0
configure:12308: result: 64
configure:12394: checking whether make sets $(MAKE)
configure:12416: result: yes
configure:12476: checking for arm-linux-gnueabihf-pkg-config
configure:12509: result: no
configure:12519: checking for pkg-config
configure:12537: found /usr/bin/pkg-config
configure:12549: result: /usr/bin/pkg-config
configure:12561: WARNING: using cross tools not prefixed with host triplet
configure:12574: checking pkg-config is at least version 0.9.0
configure:12577: result: yes
configure:12614: checking for sdl2 >= 2.0.10
configure:12621: $PKG_CONFIG --exists --print-errors "sdl2 >= $min_sdl_version"
configure:12624: $? = 0
configure:12638: $PKG_CONFIG --exists --print-errors "sdl2 >= $min_sdl_version"
configure:12641: $? = 0
configure:12679: result: yes
configure:12944: checking for GCC -Wall option
configure:12961: arm-linux-gnueabihf-gcc -c -Wno-undef -Os -marm -mtune=cortex-a7 -mfpu=neon-vfpv4 -march=armv7ve+simd -mfloat-abi=hard -ffunction-sections -fdata-sections -I/usr -D_REENTRANT -I/root/workspace/build/include -I/root/workspace/build/include/SDL2 -Wall  conftest.c >&5
configure:12961: $? = 0
configure:12965: result: yes
configure:12973: checking for necessary GCC -Wno-multichar option
configure:12981: result: no
configure:12992: checking for GCC -fvisibility=hidden option
configure:13021: arm-linux-gnueabihf-gcc -c -Wno-undef -Os -marm -mtune=cortex-a7 -mfpu=neon-vfpv4 -march=armv7ve+simd -mfloat-abi=hard -ffunction-sections -fdata-sections -I/usr -D_REENTRANT -I/root/workspace/build/include -I/root/workspace/build/include/SDL2 -Wall -fvisibility=hidden -Werror  conftest.c >&5
configure:13021: $? = 0
configure:13025: result: yes
configure:13794: checking whether arm-linux-gnueabihf-g++ supports C++11 features by default
configure:14090: arm-linux-gnueabihf-g++ -c -s -O3 -fPIC -pthread -Wall -fvisibility=hidden  conftest.cpp >&5
configure:14090: $? = 0
configure:14097: result: yes
configure:14779: checking alignment of struct{char;}
configure:14784: arm-linux-gnueabihf-gcc -c -Wno-undef -Os -marm -mtune=cortex-a7 -mfpu=neon-vfpv4 -march=armv7ve+simd -mfloat-abi=hard -ffunction-sections -fdata-sections -I/usr -D_REENTRANT -I/root/workspace/build/include -I/root/workspace/build/include/SDL2 -Wall -fvisibility=hidden  conftest.c >&5
conftest.c:65:37: warning: declaration does not declare anything
 typedef struct { char x; struct{char;} y; } ac__type_alignof_;
                                     ^
configure:14784: $? = 0
configure:14784: arm-linux-gnueabihf-gcc -c -Wno-undef -Os -marm -mtune=cortex-a7 -mfpu=neon-vfpv4 -march=armv7ve+simd -mfloat-abi=hard -ffunction-sections -fdata-sections -I/usr -D_REENTRANT -I/root/workspace/build/include -I/root/workspace/build/include/SDL2 -Wall -fvisibility=hidden  conftest.c >&5
conftest.c:65:37: warning: declaration does not declare anything
 typedef struct { char x; struct{char;} y; } ac__type_alignof_;
                                     ^
conftest.c: In function 'main':
conftest.c:69:12: error: size of array 'test_array' is negative
 static int test_array [1 - 2 * !(((long int) offsetof (ac__type_alignof_, y)) <= 0)];
            ^~~~~~~~~~
configure:14784: $? = 1
configure: failed program was:
| /* confdefs.h */
| #define PACKAGE_NAME "SDL2_ttf"
| #define PACKAGE_TARNAME "SDL2_ttf"
| #define PACKAGE_VERSION "2.20.2"
| #define PACKAGE_STRING "SDL2_ttf 2.20.2"
| #define PACKAGE_BUGREPORT "https://github.com/libsdl-org/SDL_ttf/issues"
| #define PACKAGE_URL ""
| #define STDC_HEADERS 1
| #define HAVE_SYS_TYPES_H 1
| #define HAVE_SYS_STAT_H 1
| #define HAVE_STDLIB_H 1
| #define HAVE_STRING_H 1
| #define HAVE_MEMORY_H 1
| #define HAVE_STRINGS_H 1
| #define HAVE_INTTYPES_H 1
| #define HAVE_STDINT_H 1
| #define HAVE_UNISTD_H 1
| #define HAVE_DLFCN_H 1
| #define LT_OBJDIR ".libs/"
| #define SDL_BUILD_MAJOR_VERSION 2
| #define SDL_BUILD_MINOR_VERSION 20
| #define SDL_BUILD_MICRO_VERSION 2
| #define PACKAGE "SDL2_ttf"
| #define VERSION "2.20.2"
| #define _FILE_OFFSET_BITS 64
| #define TTF_USE_HARFBUZZ 1
| #define HAVE_CXX11 1
| /* end confdefs.h.  */
| #include <stdio.h>
| #ifdef HAVE_SYS_TYPES_H
| # include <sys/types.h>
| #endif
| #ifdef HAVE_SYS_STAT_H
| # include <sys/stat.h>
| #endif
| #ifdef STDC_HEADERS
| # include <stdlib.h>
| # include <stddef.h>
| #else
| # ifdef HAVE_STDLIB_H
| #  include <stdlib.h>
| # endif
| #endif
| #ifdef HAVE_STRING_H
| # if !defined STDC_HEADERS && defined HAVE_MEMORY_H
| #  include <memory.h>
| # endif
| # include <string.h>
| #endif
| #ifdef HAVE_STRINGS_H
| # include <strings.h>
| #endif
| #ifdef HAVE_INTTYPES_H
| # include <inttypes.h>
| #endif
| #ifdef HAVE_STDINT_H
| # include <stdint.h>
| #endif
| #ifdef HAVE_UNISTD_H
| # include <unistd.h>
| #endif
| #ifndef offsetof
| # define offsetof(type, member) ((char *) &((type *) 0)->member - (char *) 0)
| #endif
| typedef struct { char x; struct{char;} y; } ac__type_alignof_;
| int
| main ()
| {
| static int test_array [1 - 2 * !(((long int) offsetof (ac__type_alignof_, y)) <= 0)];
| test_array [0] = 0;
| return test_array [0];
| 
|   ;
|   return 0;
| }
configure:14784: arm-linux-gnueabihf-gcc -c -Wno-undef -Os -marm -mtune=cortex-a7 -mfpu=neon-vfpv4 -march=armv7ve+simd -mfloat-abi=hard -ffunction-sections -fdata-sections -I/usr -D_REENTRANT -I/root/workspace/build/include -I/root/workspace/build/include/SDL2 -Wall -fvisibility=hidden  conftest.c >&5
conftest.c:65:37: warning: declaration does not declare anything
 typedef struct { char x; struct{char;} y; } ac__type_alignof_;
                                     ^
configure:14784: $? = 0
configure:14802: result: 1
configure:12909: checking for linker option --no-undefined
configure:12929: arm-linux-gnueabihf-gcc -o conftest -Wno-undef -Os -marm -mtune=cortex-a7 -mfpu=neon-vfpv4 -march=armv7ve+simd -mfloat-abi=hard -ffunction-sections -fdata-sections -I/usr -D_REENTRANT -I/root/workspace/build/include -I/root/workspace/build/include/SDL2 -Wall -fvisibility=hidden  -L/opt/miyoomini-toolchain/arm-linux-gnueabihf/libc/lib -L/usr/lib/arm-linux-gnueabihf/ -Wl,--no-undefined conftest.c  -L/root/workspace/build/lib -Wl,-rpath,/root/workspace/build/lib -Wl,--enable-new-dtags -lSDL2 >&5
configure:12929: $? = 0
configure:12938: result: yes
configure:14999: checking for X
configure:15107: arm-linux-gnueabihf-gcc -E  conftest.c
conftest.c:30:10: fatal error: X11/Xlib.h: No such file or directory
 #include <X11/Xlib.h>
          ^~~~~~~~~~~~
compilation terminated.
configure:15107: $? = 1
configure: failed program was:
| /* confdefs.h */
| #define PACKAGE_NAME "SDL2_ttf"
| #define PACKAGE_TARNAME "SDL2_ttf"
| #define PACKAGE_VERSION "2.20.2"
| #define PACKAGE_STRING "SDL2_ttf 2.20.2"
| #define PACKAGE_BUGREPORT "https://github.com/libsdl-org/SDL_ttf/issues"
| #define PACKAGE_URL ""
| #define STDC_HEADERS 1
| #define HAVE_SYS_TYPES_H 1
| #define HAVE_SYS_STAT_H 1
| #define HAVE_STDLIB_H 1
| #define HAVE_STRING_H 1
| #define HAVE_MEMORY_H 1
| #define HAVE_STRINGS_H 1
| #define HAVE_INTTYPES_H 1
| #define HAVE_STDINT_H 1
| #define HAVE_UNISTD_H 1
| #define HAVE_DLFCN_H 1
| #define LT_OBJDIR ".libs/"
| #define SDL_BUILD_MAJOR_VERSION 2
| #define SDL_BUILD_MINOR_VERSION 20
| #define SDL_BUILD_MICRO_VERSION 2
| #define PACKAGE "SDL2_ttf"
| #define VERSION "2.20.2"
| #define _FILE_OFFSET_BITS 64
| #define TTF_USE_HARFBUZZ 1
| #define HAVE_CXX11 1
| #define ALIGNOF_STRUCT_CHAR__ 1
| /* end confdefs.h.  */
| #include <X11/Xlib.h>
configure:15138: arm-linux-gnueabihf-gcc -o conftest -Wno-undef -Os -marm -mtune=cortex-a7 -mfpu=neon-vfpv4 -march=armv7ve+simd -mfloat-abi=hard -ffunction-sections -fdata-sections -I/usr -D_REENTRANT -I/root/workspace/build/include -I/root/workspace/build/include/SDL2 -Wall -fvisibility=hidden  -L/opt/miyoomini-toolchain/arm-linux-gnueabihf/libc/lib -L/usr/lib/arm-linux-gnueabihf/ -Wl,--no-undefined conftest.c -lX11  -L/root/workspace/build/lib -Wl,-rpath,/root/workspace/build/lib -Wl,--enable-new-dtags -lSDL2 >&5
conftest.c:30:10: fatal error: X11/Xlib.h: No such file or directory
 #include <X11/Xlib.h>
          ^~~~~~~~~~~~
compilation terminated.
configure:15138: $? = 1
configure: failed program was:
| /* confdefs.h */
| #define PACKAGE_NAME "SDL2_ttf"
| #define PACKAGE_TARNAME "SDL2_ttf"
| #define PACKAGE_VERSION "2.20.2"
| #define PACKAGE_STRING "SDL2_ttf 2.20.2"
| #define PACKAGE_BUGREPORT "https://github.com/libsdl-org/SDL_ttf/issues"
| #define PACKAGE_URL ""
| #define STDC_HEADERS 1
| #define HAVE_SYS_TYPES_H 1
| #define HAVE_SYS_STAT_H 1
| #define HAVE_STDLIB_H 1
| #define HAVE_STRING_H 1
| #define HAVE_MEMORY_H 1
| #define HAVE_STRINGS_H 1
| #define HAVE_INTTYPES_H 1
| #define HAVE_STDINT_H 1
| #define HAVE_UNISTD_H 1
| #define HAVE_DLFCN_H 1
| #define LT_OBJDIR ".libs/"
| #define SDL_BUILD_MAJOR_VERSION 2
| #define SDL_BUILD_MINOR_VERSION 20
| #define SDL_BUILD_MICRO_VERSION 2
| #define PACKAGE "SDL2_ttf"
| #define VERSION "2.20.2"
| #define _FILE_OFFSET_BITS 64
| #define TTF_USE_HARFBUZZ 1
| #define HAVE_CXX11 1
| #define ALIGNOF_STRUCT_CHAR__ 1
| /* end confdefs.h.  */
| #include <X11/Xlib.h>
| int
| main ()
| {
| XrmInitialize ()
|   ;
|   return 0;
| }
configure:15177: result: no
configure:15690: checking for OpenGL support
configure:15710: arm-linux-gnueabihf-gcc -o conftest -Wno-undef -Os -marm -mtune=cortex-a7 -mfpu=neon-vfpv4 -march=armv7ve+simd -mfloat-abi=hard -ffunction-sections -fdata-sections -I/usr -D_REENTRANT -I/root/workspace/build/include -I/root/workspace/build/include/SDL2 -Wall -fvisibility=hidden  -L/opt/miyoomini-toolchain/arm-linux-gnueabihf/libc/lib -L/usr/lib/arm-linux-gnueabihf/ -Wl,--no-undefined conftest.c  -L/root/workspace/build/lib -Wl,-rpath,/root/workspace/build/lib -Wl,--enable-new-dtags -lSDL2 -lGL >&5
/opt/miyoomini-toolchain/bin/../lib/gcc/arm-linux-gnueabihf/8.3.0/../../../../arm-linux-gnueabihf/bin/ld: cannot find -lGL
collect2: error: ld returned 1 exit status
configure:15710: $? = 1
configure: failed program was:
| /* confdefs.h */
| #define PACKAGE_NAME "SDL2_ttf"
| #define PACKAGE_TARNAME "SDL2_ttf"
| #define PACKAGE_VERSION "2.20.2"
| #define PACKAGE_STRING "SDL2_ttf 2.20.2"
| #define PACKAGE_BUGREPORT "https://github.com/libsdl-org/SDL_ttf/issues"
| #define PACKAGE_URL ""
| #define STDC_HEADERS 1
| #define HAVE_SYS_TYPES_H 1
| #define HAVE_SYS_STAT_H 1
| #define HAVE_STDLIB_H 1
| #define HAVE_STRING_H 1
| #define HAVE_MEMORY_H 1
| #define HAVE_STRINGS_H 1
| #define HAVE_INTTYPES_H 1
| #define HAVE_STDINT_H 1
| #define HAVE_UNISTD_H 1
| #define HAVE_DLFCN_H 1
| #define LT_OBJDIR ".libs/"
| #define SDL_BUILD_MAJOR_VERSION 2
| #define SDL_BUILD_MINOR_VERSION 20
| #define SDL_BUILD_MICRO_VERSION 2
| #define PACKAGE "SDL2_ttf"
| #define VERSION "2.20.2"
| #define _FILE_OFFSET_BITS 64
| #define TTF_USE_HARFBUZZ 1
| #define HAVE_CXX11 1
| #define ALIGNOF_STRUCT_CHAR__ 1
| #define X_DISPLAY_MISSING 1
| /* end confdefs.h.  */
| 
|  #include "SDL_opengl.h"
| 
| int
| main ()
| {
| 
|  glOrtho(-2.0, 2.0, -2.0, 2.0, -20.0, 20.0);
| 
|   ;
|   return 0;
| }
configure:15715: result: no
configure:15969: checking that generated files are newer than configure
configure:15975: result: done
configure:16022: creating ./config.status

## ---------------------- ##
## Running config.status. ##
## ---------------------- ##

This file was extended by SDL2_ttf config.status 2.20.2, which was
generated by GNU Autoconf 2.69.  Invocation command line was

  CONFIG_FILES    = 
  CONFIG_HEADERS  = 
  CONFIG_LINKS    = 
  CONFIG_COMMANDS = 
  $ ./config.status 

on ce6698212a92

config.status:1102: creating Makefile
config.status:1102: creating sdl2_ttf-config.cmake
config.status:1102: creating sdl2_ttf-config-version.cmake
config.status:1102: creating SDL2_ttf.spec
config.status:1102: creating SDL2_ttf.pc
config.status:1274: executing libtool commands
config.status:1274: executing depfiles commands
config.status:2159: cd .       && sed -e '/# am--include-marker/d' Makefile         | make -f - am--depfiles
config.status:2164: $? = 0
config.status:1274: executing summary commands

## ---------------- ##
## Cache variables. ##
## ---------------- ##

ac_cv_alignof_struct_char__=1
ac_cv_build=x86_64-pc-linux-gnu
ac_cv_c_compiler_gnu=yes
ac_cv_cxx_compiler_gnu=yes
ac_cv_env_CCC_set=
ac_cv_env_CCC_value=
ac_cv_env_CC_set=set
ac_cv_env_CC_value=arm-linux-gnueabihf-gcc
ac_cv_env_CFLAGS_set=set
ac_cv_env_CFLAGS_value='-Wno-undef -Os -marm -mtune=cortex-a7 -mfpu=neon-vfpv4 -march=armv7ve+simd -mfloat-abi=hard -ffunction-sections -fdata-sections -I/usr'
ac_cv_env_CPPFLAGS_set=
ac_cv_env_CPPFLAGS_value=
ac_cv_env_CPP_set=
ac_cv_env_CPP_value=
ac_cv_env_CXXCPP_set=
ac_cv_env_CXXCPP_value=
ac_cv_env_CXXFLAGS_set=set
ac_cv_env_CXXFLAGS_value='-s -O3 -fPIC -pthread'
ac_cv_env_CXX_set=
ac_cv_env_CXX_value=
ac_cv_env_FT2_CFLAGS_set=
ac_cv_env_FT2_CFLAGS_value=
ac_cv_env_FT2_LIBS_set=
ac_cv_env_FT2_LIBS_value=
ac_cv_env_HB_CFLAGS_set=
ac_cv_env_HB_CFLAGS_value=
ac_cv_env_HB_LIBS_set=
ac_cv_env_HB_LIBS_value=
ac_cv_env_LDFLAGS_set=set
ac_cv_env_LDFLAGS_value='-L/opt/miyoomini-toolchain/arm-linux-gnueabihf/libc/lib -L/usr/lib/arm-linux-gnueabihf/'
ac_cv_env_LIBS_set=
ac_cv_env_LIBS_value=
ac_cv_env_PKG_CONFIG_LIBDIR_set=
ac_cv_env_PKG_CONFIG_LIBDIR_value=
ac_cv_env_PKG_CONFIG_PATH_set=set
ac_cv_env_PKG_CONFIG_PATH_value=/root/workspace/build/lib/pkgconfig::/root/workspace/SDL2-2.26.5/
ac_cv_env_PKG_CONFIG_set=
ac_cv_env_PKG_CONFIG_value=
ac_cv_env_SDL_CFLAGS_set=
ac_cv_env_SDL_CFLAGS_value=
ac_cv_env_SDL_LIBS_set=
ac_cv_env_SDL_LIBS_value=
ac_cv_env_XMKMF_set=
ac_cv_env_XMKMF_value=
ac_cv_env_build_alias_set=set
ac_cv_env_build_alias_value=x86_64-linux-gnu
ac_cv_env_host_alias_set=set
ac_cv_env_host_alias_value=arm-linux-gnueabihf
ac_cv_env_target_alias_set=
ac_cv_env_target_alias_value=
ac_cv_have_x=have_x=no
ac_cv_header_dlfcn_h=yes
ac_cv_header_inttypes_h=yes
ac_cv_header_memory_h=yes
ac_cv_header_stdc=yes
ac_cv_header_stdint_h=yes
ac_cv_header_stdlib_h=yes
ac_cv_header_string_h=yes
ac_cv_header_strings_h=yes
ac_cv_header_sys_stat_h=yes
ac_cv_header_sys_types_h=yes
ac_cv_header_unistd_h=yes
ac_cv_host=arm-unknown-linux-gnueabihf
ac_cv_objext=o
ac_cv_path_EGREP='/bin/grep -E'
ac_cv_path_FGREP='/bin/grep -F'
ac_cv_path_GREP=/bin/grep
ac_cv_path_SED=/bin/sed
ac_cv_path_ac_pt_PKG_CONFIG=/usr/bin/pkg-config
ac_cv_path_install='/usr/bin/install -c'
ac_cv_path_mkdir=/bin/mkdir
ac_cv_prog_AR=arm-linux-gnueabihf-ar
ac_cv_prog_AWK=mawk
ac_cv_prog_CC=arm-linux-gnueabihf-gcc
ac_cv_prog_CPP='arm-linux-gnueabihf-gcc -E'
ac_cv_prog_CXX=arm-linux-gnueabihf-g++
ac_cv_prog_CXXCPP='arm-linux-gnueabihf-g++ -E'
ac_cv_prog_OBJDUMP=arm-linux-gnueabihf-objdump
ac_cv_prog_RANLIB=arm-linux-gnueabihf-ranlib
ac_cv_prog_STRIP=arm-linux-gnueabihf-strip
ac_cv_prog_cc_c89=
ac_cv_prog_cc_g=yes
ac_cv_prog_cxx_g=yes
ac_cv_prog_make_make_set=yes
ac_cv_sys_file_offset_bits=64
ac_cv_sys_largefile_CC=no
am_cv_CC_dependencies_compiler_type=gcc3
am_cv_CXX_dependencies_compiler_type=gcc3
am_cv_make_support_nested_variables=yes
am_cv_prog_cc_c_o=yes
am_cv_prog_tar_ustar=gnutar
ax_cv_cxx_compile_cxx11=yes
lt_cv_deplibs_check_method=pass_all
lt_cv_file_magic_cmd='$MAGIC_CMD'
lt_cv_file_magic_test_file=
lt_cv_ld_reload_flag=-r
lt_cv_nm_interface='BSD nm'
lt_cv_objdir=.libs
lt_cv_path_LD=arm-linux-gnueabihf-ld
lt_cv_path_LDCXX=arm-linux-gnueabihf-ld
lt_cv_path_NM=arm-linux-gnueabihf-nm
lt_cv_prog_compiler_c_o=yes
lt_cv_prog_compiler_c_o_CXX=yes
lt_cv_prog_compiler_pic_works=yes
lt_cv_prog_compiler_pic_works_CXX=yes
lt_cv_prog_compiler_rtti_exceptions=no
lt_cv_prog_compiler_static_works=yes
lt_cv_prog_compiler_static_works_CXX=yes
lt_cv_prog_gnu_ld=yes
lt_cv_prog_gnu_ldcxx=yes
lt_cv_sys_global_symbol_pipe='sed -n -e '\''s/^.*[	 ]\([ABCDGIRSTW][ABCDGIRSTW]*\)[	 ][	 ]*\([_A-Za-z][_A-Za-z0-9]*\)$/\1 \2 \2/p'\'''
lt_cv_sys_global_symbol_to_c_name_address='sed -n -e '\''s/^: \([^ ]*\) $/  {\"\1\", (void *) 0},/p'\'' -e '\''s/^[ABCDGIRSTW]* \([^ ]*\) \([^ ]*\)$/  {"\2", (void *) \&\2},/p'\'''
lt_cv_sys_global_symbol_to_c_name_address_lib_prefix='sed -n -e '\''s/^: \([^ ]*\) $/  {\"\1\", (void *) 0},/p'\'' -e '\''s/^[ABCDGIRSTW]* \([^ ]*\) \(lib[^ ]*\)$/  {"\2", (void *) \&\2},/p'\'' -e '\''s/^[ABCDGIRSTW]* \([^ ]*\) \([^ ]*\)$/  {"lib\2", (void *) \&\2},/p'\'''
lt_cv_sys_global_symbol_to_cdecl='sed -n -e '\''s/^T .* \(.*\)$/extern int \1();/p'\'' -e '\''s/^[ABCDGIRSTW]* .* \(.*\)$/extern char \1;/p'\'''
lt_cv_sys_max_cmd_len=1572864
pkg_cv_SDL_CFLAGS='-D_REENTRANT -I/root/workspace/build/include -I/root/workspace/build/include/SDL2'
pkg_cv_SDL_LIBS='-L/root/workspace/build/lib -Wl,-rpath,/root/workspace/build/lib -Wl,--enable-new-dtags -lSDL2'

## ----------------- ##
## Output variables. ##
## ----------------- ##

ACLOCAL='${SHELL} /root/workspace/SDL2_ttf-2.20.2/missing aclocal-1.16'
AMDEPBACKSLASH='\'
AMDEP_FALSE='#'
AMDEP_TRUE=''
AMTAR='$${TAR-tar}'
AM_BACKSLASH='\'
AM_DEFAULT_V='$(AM_DEFAULT_VERBOSITY)'
AM_DEFAULT_VERBOSITY='1'
AM_V='$(V)'
AR='arm-linux-gnueabihf-ar'
AS='arm-linux-gnueabihf-as'
AUTOCONF='${SHELL} /root/workspace/SDL2_ttf-2.20.2/missing autoconf'
AUTOHEADER='${SHELL} /root/workspace/SDL2_ttf-2.20.2/missing autoheader'
AUTOMAKE='${SHELL} /root/workspace/SDL2_ttf-2.20.2/missing automake-1.16'
AWK='mawk'
CC='arm-linux-gnueabihf-gcc'
CCDEPMODE='depmode=gcc3'
CFLAGS='-Wno-undef -Os -marm -mtune=cortex-a7 -mfpu=neon-vfpv4 -march=armv7ve+simd -mfloat-abi=hard -ffunction-sections -fdata-sections -I/usr -D_REENTRANT -I/root/workspace/build/include -I/root/workspace/build/include/SDL2 -Wall -fvisibility=hidden'
CPP='arm-linux-gnueabihf-gcc -E'
CPPFLAGS=''
CXX='arm-linux-gnueabihf-g++'
CXXCPP='arm-linux-gnueabihf-g++ -E'
CXXDEPMODE='depmode=gcc3'
CXXFLAGS='-s -O3 -fPIC -pthread -Wall -fvisibility=hidden -Wno-unused-result -fno-rtti -fno-exceptions -fno-threadsafe-statics'
CYGPATH_W='echo'
DEFS='-DPACKAGE_NAME=\"SDL2_ttf\" -DPACKAGE_TARNAME=\"SDL2_ttf\" -DPACKAGE_VERSION=\"2.20.2\" -DPACKAGE_STRING=\"SDL2_ttf\ 2.20.2\" -DPACKAGE_BUGREPORT=\"https://github.com/libsdl-org/SDL_ttf/issues\" -DPACKAGE_URL=\"\" -DSTDC_HEADERS=1 -DHAVE_SYS_TYPES_H=1 -DHAVE_SYS_STAT_H=1 -DHAVE_STDLIB_H=1 -DHAVE_STRING_H=1 -DHAVE_MEMORY_H=1 -DHAVE_STRINGS_H=1 -DHAVE_INTTYPES_H=1 -DHAVE_STDINT_H=1 -DHAVE_UNISTD_H=1 -DHAVE_DLFCN_H=1 -DLT_OBJDIR=\".libs/\" -DSDL_BUILD_MAJOR_VERSION=2 -DSDL_BUILD_MINOR_VERSION=20 -DSDL_BUILD_MICRO_VERSION=2 -DPACKAGE=\"SDL2_ttf\" -DVERSION=\"2.20.2\" -D_FILE_OFFSET_BITS=64 -DTTF_USE_HARFBUZZ=1 -DHAVE_CXX11=1 -DALIGNOF_STRUCT_CHAR__=1 -DX_DISPLAY_MISSING=1'
DEPDIR='.deps'
DLLTOOL='dlltool'
DSYMUTIL=''
DUMPBIN=''
ECHO_C=''
ECHO_N='-n'
ECHO_T=''
EGREP='/bin/grep -E'
EXEEXT=''
FGREP='/bin/grep -F'
FT2_CFLAGS=''
FT2_CONFIG=''
FT2_LIBS=''
GL_LIBS=''
GREP='/bin/grep'
HAVE_CXX11='1'
HB_CFLAGS=''
HB_LIBS=''
INSTALL_DATA='${INSTALL} -m 644'
INSTALL_PROGRAM='${INSTALL}'
INSTALL_SCRIPT='${INSTALL}'
INSTALL_STRIP_PROGRAM='$(install_sh) -c -s'
LD='arm-linux-gnueabihf-ld'
LDFLAGS='-L/opt/miyoomini-toolchain/arm-linux-gnueabihf/libc/lib -L/usr/lib/arm-linux-gnueabihf/ -Wl,--no-undefined'
LIBOBJS=''
LIBS=' -L/root/workspace/build/lib -Wl,-rpath,/root/workspace/build/lib -Wl,--enable-new-dtags -lSDL2'
LIBTOOL='$(SHELL) $(top_builddir)/libtool'
LIPO=''
LN_S='ln -s'
LTLIBOBJS=''
LT_AGE='2000'
LT_CURRENT='2000'
LT_EXTRA=''
LT_RELEASE='2.0'
LT_REVISION='2'
MAJOR_VERSION='2'
MAKEINFO='${SHELL} /root/workspace/SDL2_ttf-2.20.2/missing makeinfo'
MATHLIB='-lm'
MICRO_VERSION='2'
MINOR_VERSION='20'
MKDIR_P='/bin/mkdir -p'
NM='arm-linux-gnueabihf-nm'
NMEDIT=''
OBJDUMP='arm-linux-gnueabihf-objdump'
OBJEXT='o'
OS_WIN32_FALSE=''
OS_WIN32_TRUE='#'
OTOOL64=''
OTOOL=''
PACKAGE='SDL2_ttf'
PACKAGE_BUGREPORT='https://github.com/libsdl-org/SDL_ttf/issues'
PACKAGE_NAME='SDL2_ttf'
PACKAGE_STRING='SDL2_ttf 2.20.2'
PACKAGE_TARNAME='SDL2_ttf'
PACKAGE_URL=''
PACKAGE_VERSION='2.20.2'
PATH_SEPARATOR=':'
PC_LIBS=''
PC_REQUIRES=''
PKG_CONFIG='/usr/bin/pkg-config'
PKG_CONFIG_LIBDIR=''
PKG_CONFIG_PATH='/root/workspace/build/lib/pkgconfig::/root/workspace/SDL2-2.26.5/'
RANLIB='arm-linux-gnueabihf-ranlib'
RC=':'
SDL2TTF_VENDORED='1'
SDL2_CONFIG='pkg-config sdl2'
SDL_CFLAGS='-D_REENTRANT -I/root/workspace/build/include -I/root/workspace/build/include/SDL2'
SDL_LIBS='-L/root/workspace/build/lib -Wl,-rpath,/root/workspace/build/lib -Wl,--enable-new-dtags -lSDL2'
SDL_VERSION='2.0.10'
SED='/bin/sed'
SET_MAKE=''
SHELL='/bin/bash'
STRIP='arm-linux-gnueabihf-strip'
TTF_CFLAGS=''
TTF_LIBS=''
TTF_USE_HARFBUZZ='1'
USE_BUILTIN_FREETYPE_FALSE='#'
USE_BUILTIN_FREETYPE_TRUE=''
USE_BUILTIN_HARFBUZZ_FALSE='#'
USE_BUILTIN_HARFBUZZ_TRUE=''
USE_VERSION_RC_FALSE=''
USE_VERSION_RC_TRUE='#'
VERSION='2.20.2'
XMKMF=''
X_CFLAGS=''
X_EXTRA_LIBS=''
X_LIBS=''
X_PRE_LIBS=''
ac_ct_CC=''
ac_ct_CXX=''
ac_ct_DUMPBIN=''
am__EXEEXT_FALSE=''
am__EXEEXT_TRUE='#'
am__fastdepCC_FALSE='#'
am__fastdepCC_TRUE=''
am__fastdepCXX_FALSE='#'
am__fastdepCXX_TRUE=''
am__include='include'
am__isrc=''
am__leading_dot='.'
am__nodep='_no'
am__quote=''
am__tar='tar --format=ustar -cf - "$$tardir"'
am__untar='tar -xf -'
bindir='${exec_prefix}/bin'
build='x86_64-pc-linux-gnu'
build_alias='x86_64-linux-gnu'
build_cpu='x86_64'
build_os='linux-gnu'
build_vendor='pc'
cmake_prefix_relpath='../../..'
datadir='${datarootdir}'
datarootdir='${prefix}/share'
docdir='${datarootdir}/doc/${PACKAGE_TARNAME}'
dvidir='${docdir}'
exec_prefix='${prefix}'
host='arm-unknown-linux-gnueabihf'
host_alias='arm-linux-gnueabihf'
host_cpu='arm'
host_os='linux-gnueabihf'
host_vendor='unknown'
htmldir='${docdir}'
includedir='${prefix}/include'
infodir='${datarootdir}/info'
install_sh='${SHELL} /root/workspace/SDL2_ttf-2.20.2/install-sh'
libdir='${exec_prefix}/lib'
libexecdir='${exec_prefix}/libexec'
localedir='${datarootdir}/locale'
localstatedir='${prefix}/var'
lt_ECHO='echo'
mandir='${datarootdir}/man'
mkdir_p='$(MKDIR_P)'
oldincludedir='/usr/include'
pdfdir='${docdir}'
prefix='/root/workspace/build'
program_transform_name='s,x,x,'
psdir='${docdir}'
runstatedir='${localstatedir}/run'
sbindir='${exec_prefix}/sbin'
sharedstatedir='${prefix}/com'
sysconfdir='${prefix}/etc'
target_alias=''

## ----------- ##
## confdefs.h. ##
## ----------- ##

/* confdefs.h */
#define PACKAGE_NAME "SDL2_ttf"
#define PACKAGE_TARNAME "SDL2_ttf"
#define PACKAGE_VERSION "2.20.2"
#define PACKAGE_STRING "SDL2_ttf 2.20.2"
#define PACKAGE_BUGREPORT "https://github.com/libsdl-org/SDL_ttf/issues"
#define PACKAGE_URL ""
#define STDC_HEADERS 1
#define HAVE_SYS_TYPES_H 1
#define HAVE_SYS_STAT_H 1
#define HAVE_STDLIB_H 1
#define HAVE_STRING_H 1
#define HAVE_MEMORY_H 1
#define HAVE_STRINGS_H 1
#define HAVE_INTTYPES_H 1
#define HAVE_STDINT_H 1
#define HAVE_UNISTD_H 1
#define HAVE_DLFCN_H 1
#define LT_OBJDIR ".libs/"
#define SDL_BUILD_MAJOR_VERSION 2
#define SDL_BUILD_MINOR_VERSION 20
#define SDL_BUILD_MICRO_VERSION 2
#define PACKAGE "SDL2_ttf"
#define VERSION "2.20.2"
#define _FILE_OFFSET_BITS 64
#define TTF_USE_HARFBUZZ 1
#define HAVE_CXX11 1
#define ALIGNOF_STRUCT_CHAR__ 1
#define X_DISPLAY_MISSING 1

configure: exit 0
